<?xml version="1.0" encoding="UTF-8" ?>
<testsuites>
  <testsuite errors="0" failures="0" hostname="INPriya.local" id="0" name="BibilioticaApplicationTest" package="com.tw.bibilioteca" skipped="0" tests="3" time="0.215" timestamp="2015-09-17T18:46:57">
      <properties>
[...]
</properties>

      <testcase classname="com.tw.bibilioteca.BibilioticaApplicationTest" name="shouldPrintMenuWithListBooksOption" time="0.164" />

      <testcase classname="com.tw.bibilioteca.BibilioticaApplicationTest" name="shouldPrintWelcomeMessageOnStart" time="0.001" />

      <testcase classname="com.tw.bibilioteca.BibilioticaApplicationTest" name="shouldPrintTheCatalog" time="0.003" />

      <system-out><![CDATA[]]></system-out>

      <system-err><![CDATA[]]></system-err>

  </testsuite>
  <testsuite errors="0" failures="0" hostname="INPriya.local" id="1" name="BibilioticaDataTest" package="com.tw.bibilioteca" skipped="0" tests="3" time="0.192" timestamp="2015-09-17T18:46:58">
      <properties>
[...]
</properties>

      <testcase classname="com.tw.bibilioteca.BibilioticaDataTest" name="sholdReturnSessionToken" time="0.145" />

      <testcase classname="com.tw.bibilioteca.BibilioticaDataTest" name="sholdReturnSessionBookLibrary" time="0.002" />

      <testcase classname="com.tw.bibilioteca.BibilioticaDataTest" name="sholdReturnSessionMovieLibrary" time="0.0" />

      <system-out><![CDATA[00:16:58,704 |-INFO in ch.qos.logback.classic.LoggerContext[default] - Could NOT find resource [logback.groovy]
00:16:58,704 |-INFO in ch.qos.logback.classic.LoggerContext[default] - Could NOT find resource [logback-test.xml]
00:16:58,704 |-INFO in ch.qos.logback.classic.LoggerContext[default] - Found resource [logback.xml] at [jar:file:/Users/admin/TWU_Biblioteca-master/lib/cobertura-2.1.1-sources.jar!/logback.xml]
00:16:58,705 |-WARN in ch.qos.logback.classic.LoggerContext[default] - Resource [logback.xml] occurs multiple times on the classpath.
00:16:58,705 |-WARN in ch.qos.logback.classic.LoggerContext[default] - Resource [logback.xml] occurs at [jar:file:/Users/admin/TWU_Biblioteca-master/lib/cobertura-2.1.1.jar!/logback.xml]
00:16:58,705 |-WARN in ch.qos.logback.classic.LoggerContext[default] - Resource [logback.xml] occurs at [jar:file:/Users/admin/TWU_Biblioteca-master/lib/cobertura-2.1.1-sources.jar!/logback.xml]
00:16:58,720 |-INFO in ch.qos.logback.core.joran.spi.ConfigurationWatchList@402f32ff - URL [jar:file:/Users/admin/TWU_Biblioteca-master/lib/cobertura-2.1.1-sources.jar!/logback.xml] is not of type file
00:16:58,752 |-INFO in ch.qos.logback.classic.joran.action.ConfigurationAction - debug attribute not set
00:16:58,754 |-INFO in ch.qos.logback.core.joran.action.AppenderAction - About to instantiate appender of type [ch.qos.logback.core.ConsoleAppender]
00:16:58,760 |-INFO in ch.qos.logback.core.joran.action.AppenderAction - Naming appender as [STDOUT]
00:16:58,778 |-INFO in ch.qos.logback.core.joran.action.NestedComplexPropertyIA - Assuming default type [ch.qos.logback.classic.encoder.PatternLayoutEncoder] for [encoder] property
00:16:58,806 |-INFO in ch.qos.logback.classic.joran.action.LoggerAction - Setting level of logger [net.sourceforge.cobertura] to INFO
00:16:58,806 |-INFO in ch.qos.logback.classic.joran.action.RootLoggerAction - Setting level of ROOT logger to DEBUG
00:16:58,806 |-INFO in ch.qos.logback.core.joran.action.AppenderRefAction - Attaching appender named [STDOUT] to Logger[ROOT]
00:16:58,806 |-INFO in ch.qos.logback.classic.joran.action.ConfigurationAction - End of configuration.
00:16:58,807 |-INFO in ch.qos.logback.classic.joran.JoranConfigurator@573f2bb1 - Registering current configuration as safe fallback point

]]></system-out>

      <system-err><![CDATA[]]></system-err>

  </testsuite>
  <testsuite errors="0" failures="0" hostname="INPriya.local" id="2" name="BookDetailsTest" package="com.tw.bibilioteca" skipped="0" tests="5" time="0.195" timestamp="2015-09-17T18:47:00">
      <properties>
[...]
</properties>

      <testcase classname="com.tw.bibilioteca.BookDetailsTest" name="shouldReturnAuthorAsFields" time="0.151" />

      <testcase classname="com.tw.bibilioteca.BookDetailsTest" name="shouldReturnYearPublishedAsFields" time="0.0" />

      <testcase classname="com.tw.bibilioteca.BookDetailsTest" name="shouldHaveAuthorInItsStringOutput" time="0.0" />

      <testcase classname="com.tw.bibilioteca.BookDetailsTest" name="shouldHaveFieldsSeparatedBySpacesInItsStringOutput" time="0.0" />

      <testcase classname="com.tw.bibilioteca.BookDetailsTest" name="shouldHaveYearOfPublishedInItsStringOutput" time="0.0" />

      <system-out><![CDATA[00:17:00,173 |-INFO in ch.qos.logback.classic.LoggerContext[default] - Could NOT find resource [logback.groovy]
00:17:00,174 |-INFO in ch.qos.logback.classic.LoggerContext[default] - Could NOT find resource [logback-test.xml]
00:17:00,174 |-INFO in ch.qos.logback.classic.LoggerContext[default] - Found resource [logback.xml] at [jar:file:/Users/admin/TWU_Biblioteca-master/lib/cobertura-2.1.1-sources.jar!/logback.xml]
00:17:00,174 |-WARN in ch.qos.logback.classic.LoggerContext[default] - Resource [logback.xml] occurs multiple times on the classpath.
00:17:00,175 |-WARN in ch.qos.logback.classic.LoggerContext[default] - Resource [logback.xml] occurs at [jar:file:/Users/admin/TWU_Biblioteca-master/lib/cobertura-2.1.1.jar!/logback.xml]
00:17:00,175 |-WARN in ch.qos.logback.classic.LoggerContext[default] - Resource [logback.xml] occurs at [jar:file:/Users/admin/TWU_Biblioteca-master/lib/cobertura-2.1.1-sources.jar!/logback.xml]
00:17:00,190 |-INFO in ch.qos.logback.core.joran.spi.ConfigurationWatchList@402f32ff - URL [jar:file:/Users/admin/TWU_Biblioteca-master/lib/cobertura-2.1.1-sources.jar!/logback.xml] is not of type file
00:17:00,221 |-INFO in ch.qos.logback.classic.joran.action.ConfigurationAction - debug attribute not set
00:17:00,222 |-INFO in ch.qos.logback.core.joran.action.AppenderAction - About to instantiate appender of type [ch.qos.logback.core.ConsoleAppender]
00:17:00,228 |-INFO in ch.qos.logback.core.joran.action.AppenderAction - Naming appender as [STDOUT]
00:17:00,248 |-INFO in ch.qos.logback.core.joran.action.NestedComplexPropertyIA - Assuming default type [ch.qos.logback.classic.encoder.PatternLayoutEncoder] for [encoder] property
00:17:00,276 |-INFO in ch.qos.logback.classic.joran.action.LoggerAction - Setting level of logger [net.sourceforge.cobertura] to INFO
00:17:00,276 |-INFO in ch.qos.logback.classic.joran.action.RootLoggerAction - Setting level of ROOT logger to DEBUG
00:17:00,276 |-INFO in ch.qos.logback.core.joran.action.AppenderRefAction - Attaching appender named [STDOUT] to Logger[ROOT]
00:17:00,277 |-INFO in ch.qos.logback.classic.joran.action.ConfigurationAction - End of configuration.
00:17:00,278 |-INFO in ch.qos.logback.classic.joran.JoranConfigurator@573f2bb1 - Registering current configuration as safe fallback point

]]></system-out>

      <system-err><![CDATA[]]></system-err>

  </testsuite>
  <testsuite errors="0" failures="0" hostname="INPriya.local" id="3" name="BookDetailsTest" package="com.tw.bibilioteca" skipped="0" tests="4" time="0.193" timestamp="2015-09-17T05:24:48">
      <properties>
[...]
</properties>

      <testcase classname="com.tw.bibilioteca.BookDetailsTest" name="shouldHaveAuthorInItsStringOutput" time="0.146" />

      <testcase classname="com.tw.bibilioteca.BookDetailsTest" name="shouldHaveFieldsSeparatedBySpacesInItsStringOutput" time="0.0" />

      <testcase classname="com.tw.bibilioteca.BookDetailsTest" name="shouldHaveNameInItsStringOutput" time="0.0" />

      <testcase classname="com.tw.bibilioteca.BookDetailsTest" name="shouldHaveYearOfPublishedInItsStringOutput" time="0.0" />

      <system-out><![CDATA[10:54:48,245 |-INFO in ch.qos.logback.classic.LoggerContext[default] - Could NOT find resource [logback.groovy]
10:54:48,245 |-INFO in ch.qos.logback.classic.LoggerContext[default] - Could NOT find resource [logback-test.xml]
10:54:48,246 |-INFO in ch.qos.logback.classic.LoggerContext[default] - Found resource [logback.xml] at [jar:file:/Users/admin/TWU_Biblioteca-master/lib/cobertura-2.1.1-sources.jar!/logback.xml]
10:54:48,246 |-WARN in ch.qos.logback.classic.LoggerContext[default] - Resource [logback.xml] occurs multiple times on the classpath.
10:54:48,246 |-WARN in ch.qos.logback.classic.LoggerContext[default] - Resource [logback.xml] occurs at [jar:file:/Users/admin/TWU_Biblioteca-master/lib/cobertura-2.1.1.jar!/logback.xml]
10:54:48,246 |-WARN in ch.qos.logback.classic.LoggerContext[default] - Resource [logback.xml] occurs at [jar:file:/Users/admin/TWU_Biblioteca-master/lib/cobertura-2.1.1-sources.jar!/logback.xml]
10:54:48,262 |-INFO in ch.qos.logback.core.joran.spi.ConfigurationWatchList@402f32ff - URL [jar:file:/Users/admin/TWU_Biblioteca-master/lib/cobertura-2.1.1-sources.jar!/logback.xml] is not of type file
10:54:48,297 |-INFO in ch.qos.logback.classic.joran.action.ConfigurationAction - debug attribute not set
10:54:48,298 |-INFO in ch.qos.logback.core.joran.action.AppenderAction - About to instantiate appender of type [ch.qos.logback.core.ConsoleAppender]
10:54:48,304 |-INFO in ch.qos.logback.core.joran.action.AppenderAction - Naming appender as [STDOUT]
10:54:48,319 |-INFO in ch.qos.logback.core.joran.action.NestedComplexPropertyIA - Assuming default type [ch.qos.logback.classic.encoder.PatternLayoutEncoder] for [encoder] property
10:54:48,349 |-INFO in ch.qos.logback.classic.joran.action.LoggerAction - Setting level of logger [net.sourceforge.cobertura] to INFO
10:54:48,349 |-INFO in ch.qos.logback.classic.joran.action.RootLoggerAction - Setting level of ROOT logger to DEBUG
10:54:48,349 |-INFO in ch.qos.logback.core.joran.action.AppenderRefAction - Attaching appender named [STDOUT] to Logger[ROOT]
10:54:48,349 |-INFO in ch.qos.logback.classic.joran.action.ConfigurationAction - End of configuration.
10:54:48,350 |-INFO in ch.qos.logback.classic.joran.JoranConfigurator@573f2bb1 - Registering current configuration as safe fallback point

]]></system-out>

      <system-err><![CDATA[]]></system-err>

  </testsuite>
  <testsuite errors="0" failures="0" hostname="INPriya.local" id="4" name="CatalogOperationTest" package="com.tw.bibilioteca" skipped="0" tests="10" time="0.315" timestamp="2015-09-17T18:47:01">
      <properties>
[...]
</properties>

      <testcase classname="com.tw.bibilioteca.CatalogOperationTest" name="shouldNotRetunBookIfNotReturnable" time="0.258" />

      <testcase classname="com.tw.bibilioteca.CatalogOperationTest" name="shouldPrintFailureMessageForUnSuccessfulReturn" time="0.001" />

      <testcase classname="com.tw.bibilioteca.CatalogOperationTest" name="shouldPrintSuccessMessageForSuccessfulReturn" time="0.0" />

      <testcase classname="com.tw.bibilioteca.CatalogOperationTest" name="shouldCheckIfBookIsAvailableForExecuteCheckout" time="0.001" />

      <testcase classname="com.tw.bibilioteca.CatalogOperationTest" name="shouldPrintFailureMessageForUnSuccessfulCheckout" time="0.0" />

      <testcase classname="com.tw.bibilioteca.CatalogOperationTest" name="shouldCheckoutBookIfAvailable" time="0.0" />

      <testcase classname="com.tw.bibilioteca.CatalogOperationTest" name="shouldReturnBookIfReturnable" time="0.001" />

      <testcase classname="com.tw.bibilioteca.CatalogOperationTest" name="shouldNotCheckoutBookIfNotAvailable" time="0.001" />

      <testcase classname="com.tw.bibilioteca.CatalogOperationTest" name="shouldPrintSuccessMessageForSuccessfulCheckout" time="0.0" />

      <testcase classname="com.tw.bibilioteca.CatalogOperationTest" name="shouldCheckIfBookIsReturnableForExecuteReturn" time="0.001" />

      <system-out><![CDATA[00:17:01,750 |-INFO in ch.qos.logback.classic.LoggerContext[default] - Could NOT find resource [logback.groovy]
00:17:01,750 |-INFO in ch.qos.logback.classic.LoggerContext[default] - Could NOT find resource [logback-test.xml]
00:17:01,750 |-INFO in ch.qos.logback.classic.LoggerContext[default] - Found resource [logback.xml] at [jar:file:/Users/admin/TWU_Biblioteca-master/lib/cobertura-2.1.1-sources.jar!/logback.xml]
00:17:01,751 |-WARN in ch.qos.logback.classic.LoggerContext[default] - Resource [logback.xml] occurs multiple times on the classpath.
00:17:01,751 |-WARN in ch.qos.logback.classic.LoggerContext[default] - Resource [logback.xml] occurs at [jar:file:/Users/admin/TWU_Biblioteca-master/lib/cobertura-2.1.1.jar!/logback.xml]
00:17:01,751 |-WARN in ch.qos.logback.classic.LoggerContext[default] - Resource [logback.xml] occurs at [jar:file:/Users/admin/TWU_Biblioteca-master/lib/cobertura-2.1.1-sources.jar!/logback.xml]
00:17:01,760 |-INFO in ch.qos.logback.core.joran.spi.ConfigurationWatchList@37d31475 - URL [jar:file:/Users/admin/TWU_Biblioteca-master/lib/cobertura-2.1.1-sources.jar!/logback.xml] is not of type file
00:17:01,791 |-INFO in ch.qos.logback.classic.joran.action.ConfigurationAction - debug attribute not set
00:17:01,792 |-INFO in ch.qos.logback.core.joran.action.AppenderAction - About to instantiate appender of type [ch.qos.logback.core.ConsoleAppender]
00:17:01,797 |-INFO in ch.qos.logback.core.joran.action.AppenderAction - Naming appender as [STDOUT]
00:17:01,814 |-INFO in ch.qos.logback.core.joran.action.NestedComplexPropertyIA - Assuming default type [ch.qos.logback.classic.encoder.PatternLayoutEncoder] for [encoder] property
00:17:01,843 |-INFO in ch.qos.logback.classic.joran.action.LoggerAction - Setting level of logger [net.sourceforge.cobertura] to INFO
00:17:01,844 |-INFO in ch.qos.logback.classic.joran.action.RootLoggerAction - Setting level of ROOT logger to DEBUG
00:17:01,844 |-INFO in ch.qos.logback.core.joran.action.AppenderRefAction - Attaching appender named [STDOUT] to Logger[ROOT]
00:17:01,844 |-INFO in ch.qos.logback.classic.joran.action.ConfigurationAction - End of configuration.
00:17:01,845 |-INFO in ch.qos.logback.classic.joran.JoranConfigurator@27808f31 - Registering current configuration as safe fallback point

]]></system-out>

      <system-err><![CDATA[]]></system-err>

  </testsuite>
  <testsuite errors="0" failures="0" hostname="INPriya.local" id="5" name="CatalogTest" package="com.tw.bibilioteca" skipped="0" tests="26" time="0.198" timestamp="2015-09-17T18:47:03">
      <properties>
[...]
</properties>

      <testcase classname="com.tw.bibilioteca.CatalogTest" name="shouldReturnNameAsFields" time="0.142" />

      <testcase classname="com.tw.bibilioteca.CatalogTest" name="shouldReturnAuthorAsFields" time="0.0" />

      <testcase classname="com.tw.bibilioteca.CatalogTest" name="shouldReturnYearPublishedAsFields" time="0.0" />

      <testcase classname="com.tw.bibilioteca.CatalogTest" name="shouldContainFirstMovie" time="0.001" />

      <testcase classname="com.tw.bibilioteca.CatalogTest" name="shouldReturnDirectorAsFields" time="0.0" />

      <testcase classname="com.tw.bibilioteca.CatalogTest" name="shouldCheckIfBookIsReturnable" time="0.0" />

      <testcase classname="com.tw.bibilioteca.CatalogTest" name="shouldCheckOutAndNotAllowCheckOutOfAlreadyCheckedOutBooks" time="0.0" />

      <testcase classname="com.tw.bibilioteca.CatalogTest" name="shouldCheckOutAndNotAllowCheckOutOfAlreadyCheckedOutMovies" time="0.0" />

      <testcase classname="com.tw.bibilioteca.CatalogTest" name="shouldCheckIfBookIsNotInAvailableBookList" time="0.0" />

      <testcase classname="com.tw.bibilioteca.CatalogTest" name="shouldReturnEntityFieldsIfCheckedOutEntitesIsEmpty" time="0.0" />

      <testcase classname="com.tw.bibilioteca.CatalogTest" name="shouldContainSecondBookInNextLineOfFirstBook" time="0.0" />

      <testcase classname="com.tw.bibilioteca.CatalogTest" name="shouldReturnYearReleasedAsFields" time="0.0" />

      <testcase classname="com.tw.bibilioteca.CatalogTest" name="shouldReturnEntityFieldsIfAvailableEntitesIsEmptyForMovies" time="0.0" />

      <testcase classname="com.tw.bibilioteca.CatalogTest" name="shouldContainFirstBook" time="0.0" />

      <testcase classname="com.tw.bibilioteca.CatalogTest" name="shouldContainEmptyStringIfListIsEmpty" time="0.0" />

      <testcase classname="com.tw.bibilioteca.CatalogTest" name="shouldReturnEntityFieldsIfAvailableEntitesIsEmpty" time="0.001" />

      <testcase classname="com.tw.bibilioteca.CatalogTest" name="shouldReturnAndNotAllowReturnOfAlreadyReturnedBooks" time="0.0" />

      <testcase classname="com.tw.bibilioteca.CatalogTest" name="shouldCheckIfMovieIsInAvailableMovieList" time="0.0" />

      <testcase classname="com.tw.bibilioteca.CatalogTest" name="shouldCheckIfMovieIsNotInAvailableMovieList" time="0.0" />

      <testcase classname="com.tw.bibilioteca.CatalogTest" name="shouldReturnNameAsFieldsForMovie" time="0.0" />

      <testcase classname="com.tw.bibilioteca.CatalogTest" name="shouldReturnRatingAsFields" time="0.0" />

      <testcase classname="com.tw.bibilioteca.CatalogTest" name="shouldContainSecondMovieInNextLineOfFirstMovie" time="0.0" />

      <testcase classname="com.tw.bibilioteca.CatalogTest" name="shouldReturnEntityFieldsIfCheckedOutEntitesIsEmptyForMovies" time="0.0" />

      <testcase classname="com.tw.bibilioteca.CatalogTest" name="shouldContainLastBook" time="0.0" />

      <testcase classname="com.tw.bibilioteca.CatalogTest" name="shouldCheckIfBookIsInAvailableBookList" time="0.0" />

      <testcase classname="com.tw.bibilioteca.CatalogTest" name="shouldContainLastMovie" time="0.0" />

      <system-out><![CDATA[00:17:03,255 |-INFO in ch.qos.logback.classic.LoggerContext[default] - Could NOT find resource [logback.groovy]
00:17:03,256 |-INFO in ch.qos.logback.classic.LoggerContext[default] - Could NOT find resource [logback-test.xml]
00:17:03,256 |-INFO in ch.qos.logback.classic.LoggerContext[default] - Found resource [logback.xml] at [jar:file:/Users/admin/TWU_Biblioteca-master/lib/cobertura-2.1.1-sources.jar!/logback.xml]
00:17:03,256 |-WARN in ch.qos.logback.classic.LoggerContext[default] - Resource [logback.xml] occurs multiple times on the classpath.
00:17:03,257 |-WARN in ch.qos.logback.classic.LoggerContext[default] - Resource [logback.xml] occurs at [jar:file:/Users/admin/TWU_Biblioteca-master/lib/cobertura-2.1.1.jar!/logback.xml]
00:17:03,257 |-WARN in ch.qos.logback.classic.LoggerContext[default] - Resource [logback.xml] occurs at [jar:file:/Users/admin/TWU_Biblioteca-master/lib/cobertura-2.1.1-sources.jar!/logback.xml]
00:17:03,269 |-INFO in ch.qos.logback.core.joran.spi.ConfigurationWatchList@5ae9a829 - URL [jar:file:/Users/admin/TWU_Biblioteca-master/lib/cobertura-2.1.1-sources.jar!/logback.xml] is not of type file
00:17:03,300 |-INFO in ch.qos.logback.classic.joran.action.ConfigurationAction - debug attribute not set
00:17:03,301 |-INFO in ch.qos.logback.core.joran.action.AppenderAction - About to instantiate appender of type [ch.qos.logback.core.ConsoleAppender]
00:17:03,306 |-INFO in ch.qos.logback.core.joran.action.AppenderAction - Naming appender as [STDOUT]
00:17:03,322 |-INFO in ch.qos.logback.core.joran.action.NestedComplexPropertyIA - Assuming default type [ch.qos.logback.classic.encoder.PatternLayoutEncoder] for [encoder] property
00:17:03,349 |-INFO in ch.qos.logback.classic.joran.action.LoggerAction - Setting level of logger [net.sourceforge.cobertura] to INFO
00:17:03,349 |-INFO in ch.qos.logback.classic.joran.action.RootLoggerAction - Setting level of ROOT logger to DEBUG
00:17:03,349 |-INFO in ch.qos.logback.core.joran.action.AppenderRefAction - Attaching appender named [STDOUT] to Logger[ROOT]
00:17:03,350 |-INFO in ch.qos.logback.classic.joran.action.ConfigurationAction - End of configuration.
00:17:03,351 |-INFO in ch.qos.logback.classic.joran.JoranConfigurator@6d8a00e3 - Registering current configuration as safe fallback point

]]></system-out>

      <system-err><![CDATA[]]></system-err>

  </testsuite>
  <testsuite errors="0" failures="0" hostname="INPriya.local" id="6" name="ConsoleDisplayTest" package="com.tw.bibilioteca" skipped="0" tests="3" time="0.201" timestamp="2015-09-17T18:47:04">
      <properties>
[...]
</properties>

      <testcase classname="com.tw.bibilioteca.ConsoleDisplayTest" name="shouldGetIntegerFromInputStream" time="0.15" />

      <testcase classname="com.tw.bibilioteca.ConsoleDisplayTest" name="shouldGetStringFromInputStream" time="0.001" />

      <testcase classname="com.tw.bibilioteca.ConsoleDisplayTest" name="shouldPrintObjectsToStringOutput" time="0.0" />

      <system-out><![CDATA[00:17:04,755 |-INFO in ch.qos.logback.classic.LoggerContext[default] - Could NOT find resource [logback.groovy]
00:17:04,755 |-INFO in ch.qos.logback.classic.LoggerContext[default] - Could NOT find resource [logback-test.xml]
00:17:04,755 |-INFO in ch.qos.logback.classic.LoggerContext[default] - Found resource [logback.xml] at [jar:file:/Users/admin/TWU_Biblioteca-master/lib/cobertura-2.1.1-sources.jar!/logback.xml]
00:17:04,756 |-WARN in ch.qos.logback.classic.LoggerContext[default] - Resource [logback.xml] occurs multiple times on the classpath.
00:17:04,756 |-WARN in ch.qos.logback.classic.LoggerContext[default] - Resource [logback.xml] occurs at [jar:file:/Users/admin/TWU_Biblioteca-master/lib/cobertura-2.1.1.jar!/logback.xml]
00:17:04,756 |-WARN in ch.qos.logback.classic.LoggerContext[default] - Resource [logback.xml] occurs at [jar:file:/Users/admin/TWU_Biblioteca-master/lib/cobertura-2.1.1-sources.jar!/logback.xml]
00:17:04,768 |-INFO in ch.qos.logback.core.joran.spi.ConfigurationWatchList@402f32ff - URL [jar:file:/Users/admin/TWU_Biblioteca-master/lib/cobertura-2.1.1-sources.jar!/logback.xml] is not of type file
00:17:04,804 |-INFO in ch.qos.logback.classic.joran.action.ConfigurationAction - debug attribute not set
00:17:04,805 |-INFO in ch.qos.logback.core.joran.action.AppenderAction - About to instantiate appender of type [ch.qos.logback.core.ConsoleAppender]
00:17:04,811 |-INFO in ch.qos.logback.core.joran.action.AppenderAction - Naming appender as [STDOUT]
00:17:04,829 |-INFO in ch.qos.logback.core.joran.action.NestedComplexPropertyIA - Assuming default type [ch.qos.logback.classic.encoder.PatternLayoutEncoder] for [encoder] property
00:17:04,857 |-INFO in ch.qos.logback.classic.joran.action.LoggerAction - Setting level of logger [net.sourceforge.cobertura] to INFO
00:17:04,858 |-INFO in ch.qos.logback.classic.joran.action.RootLoggerAction - Setting level of ROOT logger to DEBUG
00:17:04,858 |-INFO in ch.qos.logback.core.joran.action.AppenderRefAction - Attaching appender named [STDOUT] to Logger[ROOT]
00:17:04,858 |-INFO in ch.qos.logback.classic.joran.action.ConfigurationAction - End of configuration.
00:17:04,859 |-INFO in ch.qos.logback.classic.joran.JoranConfigurator@573f2bb1 - Registering current configuration as safe fallback point

]]></system-out>

      <system-err><![CDATA[]]></system-err>

  </testsuite>
  <testsuite errors="0" failures="0" hostname="INPriya.local" id="7" name="ControllerTest" package="com.tw.bibilioteca" skipped="0" tests="2" time="0.303" timestamp="2015-09-17T18:47:06">
      <properties>
[...]
</properties>

      <testcase classname="com.tw.bibilioteca.ControllerTest" name="shouldReturnNewControllerWithMenu" time="0.158" />

      <testcase classname="com.tw.bibilioteca.ControllerTest" name="shouldPrintCurrentObject" time="0.1" />

      <system-out><![CDATA[00:17:06,237 |-INFO in ch.qos.logback.classic.LoggerContext[default] - Could NOT find resource [logback.groovy]
00:17:06,237 |-INFO in ch.qos.logback.classic.LoggerContext[default] - Could NOT find resource [logback-test.xml]
00:17:06,237 |-INFO in ch.qos.logback.classic.LoggerContext[default] - Found resource [logback.xml] at [jar:file:/Users/admin/TWU_Biblioteca-master/lib/cobertura-2.1.1-sources.jar!/logback.xml]
00:17:06,238 |-WARN in ch.qos.logback.classic.LoggerContext[default] - Resource [logback.xml] occurs multiple times on the classpath.
00:17:06,238 |-WARN in ch.qos.logback.classic.LoggerContext[default] - Resource [logback.xml] occurs at [jar:file:/Users/admin/TWU_Biblioteca-master/lib/cobertura-2.1.1.jar!/logback.xml]
00:17:06,238 |-WARN in ch.qos.logback.classic.LoggerContext[default] - Resource [logback.xml] occurs at [jar:file:/Users/admin/TWU_Biblioteca-master/lib/cobertura-2.1.1-sources.jar!/logback.xml]
00:17:06,252 |-INFO in ch.qos.logback.core.joran.spi.ConfigurationWatchList@402f32ff - URL [jar:file:/Users/admin/TWU_Biblioteca-master/lib/cobertura-2.1.1-sources.jar!/logback.xml] is not of type file
00:17:06,286 |-INFO in ch.qos.logback.classic.joran.action.ConfigurationAction - debug attribute not set
00:17:06,287 |-INFO in ch.qos.logback.core.joran.action.AppenderAction - About to instantiate appender of type [ch.qos.logback.core.ConsoleAppender]
00:17:06,294 |-INFO in ch.qos.logback.core.joran.action.AppenderAction - Naming appender as [STDOUT]
00:17:06,310 |-INFO in ch.qos.logback.core.joran.action.NestedComplexPropertyIA - Assuming default type [ch.qos.logback.classic.encoder.PatternLayoutEncoder] for [encoder] property
00:17:06,339 |-INFO in ch.qos.logback.classic.joran.action.LoggerAction - Setting level of logger [net.sourceforge.cobertura] to INFO
00:17:06,339 |-INFO in ch.qos.logback.classic.joran.action.RootLoggerAction - Setting level of ROOT logger to DEBUG
00:17:06,339 |-INFO in ch.qos.logback.core.joran.action.AppenderRefAction - Attaching appender named [STDOUT] to Logger[ROOT]
00:17:06,340 |-INFO in ch.qos.logback.classic.joran.action.ConfigurationAction - End of configuration.
00:17:06,342 |-INFO in ch.qos.logback.classic.joran.JoranConfigurator@573f2bb1 - Registering current configuration as safe fallback point

]]></system-out>

      <system-err><![CDATA[]]></system-err>

  </testsuite>
  <testsuite errors="0" failures="0" hostname="INPriya.local" id="8" name="EntityViewTest" package="com.tw.bibilioteca" skipped="0" tests="14" time="0.206" timestamp="2015-09-17T18:47:07">
      <properties>
[...]
</properties>

      <testcase classname="com.tw.bibilioteca.EntityViewTest" name="shouldContainColumnHeaderAuthorForEmptyLibrary" time="0.147" />

      <testcase classname="com.tw.bibilioteca.EntityViewTest" name="shouldContainBookNameOfLastBook" time="0.001" />

      <testcase classname="com.tw.bibilioteca.EntityViewTest" name="shouldContainYearPublishedOfLastBook" time="0.001" />

      <testcase classname="com.tw.bibilioteca.EntityViewTest" name="shouldHaveOnlySeparatorAsLineAfterColumnHeaders" time="0.004" />

      <testcase classname="com.tw.bibilioteca.EntityViewTest" name="shouldContainBookNameOfAnyBookInLibrary" time="0.002" />

      <testcase classname="com.tw.bibilioteca.EntityViewTest" name="shouldContainColumnHeaderYearForEmptyLibrary" time="0.001" />

      <testcase classname="com.tw.bibilioteca.EntityViewTest" name="shouldHaveSpacingBasedLineLengthForLastLine" time="0.002" />

      <testcase classname="com.tw.bibilioteca.EntityViewTest" name="shouldContainAuthorOfLastBook" time="0.001" />

      <testcase classname="com.tw.bibilioteca.EntityViewTest" name="shouldContainAuthorOfFirstBook" time="0.001" />

      <testcase classname="com.tw.bibilioteca.EntityViewTest" name="shouldHaveOnlySeparatorAsLastLine" time="0.001" />

      <testcase classname="com.tw.bibilioteca.EntityViewTest" name="shouldContainBookNameOfFirstBook" time="0.001" />

      <testcase classname="com.tw.bibilioteca.EntityViewTest" name="shouldContainColumnHeaderNameForEmptyLibrary" time="0.0" />

      <testcase classname="com.tw.bibilioteca.EntityViewTest" name="shouldHaveSpacingBasedLineLengthForFirstLine" time="0.001" />

      <testcase classname="com.tw.bibilioteca.EntityViewTest" name="shouldContainYearPublishedOfFirstBook" time="0.0" />

      <system-out><![CDATA[00:17:07,822 |-INFO in ch.qos.logback.classic.LoggerContext[default] - Could NOT find resource [logback.groovy]
00:17:07,822 |-INFO in ch.qos.logback.classic.LoggerContext[default] - Could NOT find resource [logback-test.xml]
00:17:07,822 |-INFO in ch.qos.logback.classic.LoggerContext[default] - Found resource [logback.xml] at [jar:file:/Users/admin/TWU_Biblioteca-master/lib/cobertura-2.1.1-sources.jar!/logback.xml]
00:17:07,823 |-WARN in ch.qos.logback.classic.LoggerContext[default] - Resource [logback.xml] occurs multiple times on the classpath.
00:17:07,823 |-WARN in ch.qos.logback.classic.LoggerContext[default] - Resource [logback.xml] occurs at [jar:file:/Users/admin/TWU_Biblioteca-master/lib/cobertura-2.1.1.jar!/logback.xml]
00:17:07,823 |-WARN in ch.qos.logback.classic.LoggerContext[default] - Resource [logback.xml] occurs at [jar:file:/Users/admin/TWU_Biblioteca-master/lib/cobertura-2.1.1-sources.jar!/logback.xml]
00:17:07,838 |-INFO in ch.qos.logback.core.joran.spi.ConfigurationWatchList@402f32ff - URL [jar:file:/Users/admin/TWU_Biblioteca-master/lib/cobertura-2.1.1-sources.jar!/logback.xml] is not of type file
00:17:07,869 |-INFO in ch.qos.logback.classic.joran.action.ConfigurationAction - debug attribute not set
00:17:07,870 |-INFO in ch.qos.logback.core.joran.action.AppenderAction - About to instantiate appender of type [ch.qos.logback.core.ConsoleAppender]
00:17:07,878 |-INFO in ch.qos.logback.core.joran.action.AppenderAction - Naming appender as [STDOUT]
00:17:07,897 |-INFO in ch.qos.logback.core.joran.action.NestedComplexPropertyIA - Assuming default type [ch.qos.logback.classic.encoder.PatternLayoutEncoder] for [encoder] property
00:17:07,927 |-INFO in ch.qos.logback.classic.joran.action.LoggerAction - Setting level of logger [net.sourceforge.cobertura] to INFO
00:17:07,927 |-INFO in ch.qos.logback.classic.joran.action.RootLoggerAction - Setting level of ROOT logger to DEBUG
00:17:07,927 |-INFO in ch.qos.logback.core.joran.action.AppenderRefAction - Attaching appender named [STDOUT] to Logger[ROOT]
00:17:07,928 |-INFO in ch.qos.logback.classic.joran.action.ConfigurationAction - End of configuration.
00:17:07,929 |-INFO in ch.qos.logback.classic.joran.JoranConfigurator@573f2bb1 - Registering current configuration as safe fallback point

]]></system-out>

      <system-err><![CDATA[]]></system-err>

  </testsuite>
  <testsuite errors="0" failures="0" hostname="INPriya.local" id="9" name="ExitControllerTest" package="com.tw.bibilioteca" skipped="0" tests="1" time="0.193" timestamp="2015-09-17T18:47:09">
      <properties>
[...]
</properties>

      <testcase classname="com.tw.bibilioteca.ExitControllerTest" name="shouldReturnExitControllerOnExecution" time="0.148" />

      <system-out><![CDATA[00:17:09,302 |-INFO in ch.qos.logback.classic.LoggerContext[default] - Could NOT find resource [logback.groovy]
00:17:09,302 |-INFO in ch.qos.logback.classic.LoggerContext[default] - Could NOT find resource [logback-test.xml]
00:17:09,302 |-INFO in ch.qos.logback.classic.LoggerContext[default] - Found resource [logback.xml] at [jar:file:/Users/admin/TWU_Biblioteca-master/lib/cobertura-2.1.1-sources.jar!/logback.xml]
00:17:09,302 |-WARN in ch.qos.logback.classic.LoggerContext[default] - Resource [logback.xml] occurs multiple times on the classpath.
00:17:09,302 |-WARN in ch.qos.logback.classic.LoggerContext[default] - Resource [logback.xml] occurs at [jar:file:/Users/admin/TWU_Biblioteca-master/lib/cobertura-2.1.1.jar!/logback.xml]
00:17:09,302 |-WARN in ch.qos.logback.classic.LoggerContext[default] - Resource [logback.xml] occurs at [jar:file:/Users/admin/TWU_Biblioteca-master/lib/cobertura-2.1.1-sources.jar!/logback.xml]
00:17:09,318 |-INFO in ch.qos.logback.core.joran.spi.ConfigurationWatchList@402f32ff - URL [jar:file:/Users/admin/TWU_Biblioteca-master/lib/cobertura-2.1.1-sources.jar!/logback.xml] is not of type file
00:17:09,351 |-INFO in ch.qos.logback.classic.joran.action.ConfigurationAction - debug attribute not set
00:17:09,352 |-INFO in ch.qos.logback.core.joran.action.AppenderAction - About to instantiate appender of type [ch.qos.logback.core.ConsoleAppender]
00:17:09,359 |-INFO in ch.qos.logback.core.joran.action.AppenderAction - Naming appender as [STDOUT]
00:17:09,373 |-INFO in ch.qos.logback.core.joran.action.NestedComplexPropertyIA - Assuming default type [ch.qos.logback.classic.encoder.PatternLayoutEncoder] for [encoder] property
00:17:09,403 |-INFO in ch.qos.logback.classic.joran.action.LoggerAction - Setting level of logger [net.sourceforge.cobertura] to INFO
00:17:09,404 |-INFO in ch.qos.logback.classic.joran.action.RootLoggerAction - Setting level of ROOT logger to DEBUG
00:17:09,404 |-INFO in ch.qos.logback.core.joran.action.AppenderRefAction - Attaching appender named [STDOUT] to Logger[ROOT]
00:17:09,404 |-INFO in ch.qos.logback.classic.joran.action.ConfigurationAction - End of configuration.
00:17:09,405 |-INFO in ch.qos.logback.classic.joran.JoranConfigurator@573f2bb1 - Registering current configuration as safe fallback point

]]></system-out>

      <system-err><![CDATA[]]></system-err>

  </testsuite>
  <testsuite errors="0" failures="0" hostname="INPriya.local" id="10" name="GuestUserTest" package="com.tw.bibilioteca" skipped="0" tests="1" time="0.197" timestamp="2015-09-17T18:47:10">
      <properties>
[...]
</properties>

      <testcase classname="com.tw.bibilioteca.GuestUserTest" name="shouldReturnDefaultUserAsUser" time="0.146" />

      <system-out><![CDATA[00:17:10,783 |-INFO in ch.qos.logback.classic.LoggerContext[default] - Could NOT find resource [logback.groovy]
00:17:10,784 |-INFO in ch.qos.logback.classic.LoggerContext[default] - Could NOT find resource [logback-test.xml]
00:17:10,784 |-INFO in ch.qos.logback.classic.LoggerContext[default] - Found resource [logback.xml] at [jar:file:/Users/admin/TWU_Biblioteca-master/lib/cobertura-2.1.1-sources.jar!/logback.xml]
00:17:10,784 |-WARN in ch.qos.logback.classic.LoggerContext[default] - Resource [logback.xml] occurs multiple times on the classpath.
00:17:10,784 |-WARN in ch.qos.logback.classic.LoggerContext[default] - Resource [logback.xml] occurs at [jar:file:/Users/admin/TWU_Biblioteca-master/lib/cobertura-2.1.1.jar!/logback.xml]
00:17:10,784 |-WARN in ch.qos.logback.classic.LoggerContext[default] - Resource [logback.xml] occurs at [jar:file:/Users/admin/TWU_Biblioteca-master/lib/cobertura-2.1.1-sources.jar!/logback.xml]
00:17:10,795 |-INFO in ch.qos.logback.core.joran.spi.ConfigurationWatchList@402f32ff - URL [jar:file:/Users/admin/TWU_Biblioteca-master/lib/cobertura-2.1.1-sources.jar!/logback.xml] is not of type file
00:17:10,830 |-INFO in ch.qos.logback.classic.joran.action.ConfigurationAction - debug attribute not set
00:17:10,831 |-INFO in ch.qos.logback.core.joran.action.AppenderAction - About to instantiate appender of type [ch.qos.logback.core.ConsoleAppender]
00:17:10,837 |-INFO in ch.qos.logback.core.joran.action.AppenderAction - Naming appender as [STDOUT]
00:17:10,854 |-INFO in ch.qos.logback.core.joran.action.NestedComplexPropertyIA - Assuming default type [ch.qos.logback.classic.encoder.PatternLayoutEncoder] for [encoder] property
00:17:10,883 |-INFO in ch.qos.logback.classic.joran.action.LoggerAction - Setting level of logger [net.sourceforge.cobertura] to INFO
00:17:10,883 |-INFO in ch.qos.logback.classic.joran.action.RootLoggerAction - Setting level of ROOT logger to DEBUG
00:17:10,884 |-INFO in ch.qos.logback.core.joran.action.AppenderRefAction - Attaching appender named [STDOUT] to Logger[ROOT]
00:17:10,884 |-INFO in ch.qos.logback.classic.joran.action.ConfigurationAction - End of configuration.
00:17:10,885 |-INFO in ch.qos.logback.classic.joran.JoranConfigurator@573f2bb1 - Registering current configuration as safe fallback point

]]></system-out>

      <system-err><![CDATA[]]></system-err>

  </testsuite>
  <testsuite errors="0" failures="0" hostname="INPriya.local" id="11" name="LoginControllerTest" package="com.tw.bibilioteca" skipped="0" tests="9" time="0.334" timestamp="2015-09-17T18:47:12">
      <properties>
[...]
</properties>

      <testcase classname="com.tw.bibilioteca.LoginControllerTest" name="shouldReturnNewMenuControllerWithChangedMenuOptions" time="0.165" />

      <testcase classname="com.tw.bibilioteca.LoginControllerTest" name="shouldPrintEnterLibraryNumber" time="0.001" />

      <testcase classname="com.tw.bibilioteca.LoginControllerTest" name="shouldInvokeLoginAuthenticateWithInputLibraryNumberAndInputPassword" time="0.119" />

      <testcase classname="com.tw.bibilioteca.LoginControllerTest" name="shouldInputLibraryNumber" time="0.001" />

      <testcase classname="com.tw.bibilioteca.LoginControllerTest" name="shouldInputPassword" time="0.001" />

      <testcase classname="com.tw.bibilioteca.LoginControllerTest" name="shouldPrintEnterPassword" time="0.001" />

      <testcase classname="com.tw.bibilioteca.LoginControllerTest" name="shouldLoginControllerReturnNewMenuController" time="0.001" />

      <testcase classname="com.tw.bibilioteca.LoginControllerTest" name="shouldPrintSuccessfulMessageForValidLogin" time="0.0" />

      <testcase classname="com.tw.bibilioteca.LoginControllerTest" name="shouldPrintUnSuccessfulMessageForGuest" time="0.0" />

      <system-out><![CDATA[00:17:12,262 |-INFO in ch.qos.logback.classic.LoggerContext[default] - Could NOT find resource [logback.groovy]
00:17:12,262 |-INFO in ch.qos.logback.classic.LoggerContext[default] - Could NOT find resource [logback-test.xml]
00:17:12,262 |-INFO in ch.qos.logback.classic.LoggerContext[default] - Found resource [logback.xml] at [jar:file:/Users/admin/TWU_Biblioteca-master/lib/cobertura-2.1.1-sources.jar!/logback.xml]
00:17:12,263 |-WARN in ch.qos.logback.classic.LoggerContext[default] - Resource [logback.xml] occurs multiple times on the classpath.
00:17:12,263 |-WARN in ch.qos.logback.classic.LoggerContext[default] - Resource [logback.xml] occurs at [jar:file:/Users/admin/TWU_Biblioteca-master/lib/cobertura-2.1.1.jar!/logback.xml]
00:17:12,263 |-WARN in ch.qos.logback.classic.LoggerContext[default] - Resource [logback.xml] occurs at [jar:file:/Users/admin/TWU_Biblioteca-master/lib/cobertura-2.1.1-sources.jar!/logback.xml]
00:17:12,276 |-INFO in ch.qos.logback.core.joran.spi.ConfigurationWatchList@402f32ff - URL [jar:file:/Users/admin/TWU_Biblioteca-master/lib/cobertura-2.1.1-sources.jar!/logback.xml] is not of type file
00:17:12,311 |-INFO in ch.qos.logback.classic.joran.action.ConfigurationAction - debug attribute not set
00:17:12,312 |-INFO in ch.qos.logback.core.joran.action.AppenderAction - About to instantiate appender of type [ch.qos.logback.core.ConsoleAppender]
00:17:12,318 |-INFO in ch.qos.logback.core.joran.action.AppenderAction - Naming appender as [STDOUT]
00:17:12,337 |-INFO in ch.qos.logback.core.joran.action.NestedComplexPropertyIA - Assuming default type [ch.qos.logback.classic.encoder.PatternLayoutEncoder] for [encoder] property
00:17:12,366 |-INFO in ch.qos.logback.classic.joran.action.LoggerAction - Setting level of logger [net.sourceforge.cobertura] to INFO
00:17:12,366 |-INFO in ch.qos.logback.classic.joran.action.RootLoggerAction - Setting level of ROOT logger to DEBUG
00:17:12,366 |-INFO in ch.qos.logback.core.joran.action.AppenderRefAction - Attaching appender named [STDOUT] to Logger[ROOT]
00:17:12,366 |-INFO in ch.qos.logback.classic.joran.action.ConfigurationAction - End of configuration.
00:17:12,368 |-INFO in ch.qos.logback.classic.joran.JoranConfigurator@573f2bb1 - Registering current configuration as safe fallback point

]]></system-out>

      <system-err><![CDATA[]]></system-err>

  </testsuite>
  <testsuite errors="0" failures="0" hostname="INPriya.local" id="12" name="LoginTest" package="com.tw.bibilioteca" skipped="0" tests="4" time="0.199" timestamp="2015-09-17T18:47:13">
      <properties>
[...]
</properties>

      <testcase classname="com.tw.bibilioteca.LoginTest" name="shouldAuthenticateExistingAvailableLogins" time="0.15" />

      <testcase classname="com.tw.bibilioteca.LoginTest" name="shouldReturnMessageDigestOfLibraryNumber" time="0.0" />

      <testcase classname="com.tw.bibilioteca.LoginTest" name="shouldNotAuthenticateExistingAvailableLoginsWithIncorrectPassword" time="0.001" />

      <testcase classname="com.tw.bibilioteca.LoginTest" name="shouldNotAuthenticateNonExistingAvailableLogins" time="0.0" />

      <system-out><![CDATA[00:17:13,898 |-INFO in ch.qos.logback.classic.LoggerContext[default] - Could NOT find resource [logback.groovy]
00:17:13,898 |-INFO in ch.qos.logback.classic.LoggerContext[default] - Could NOT find resource [logback-test.xml]
00:17:13,898 |-INFO in ch.qos.logback.classic.LoggerContext[default] - Found resource [logback.xml] at [jar:file:/Users/admin/TWU_Biblioteca-master/lib/cobertura-2.1.1-sources.jar!/logback.xml]
00:17:13,898 |-WARN in ch.qos.logback.classic.LoggerContext[default] - Resource [logback.xml] occurs multiple times on the classpath.
00:17:13,899 |-WARN in ch.qos.logback.classic.LoggerContext[default] - Resource [logback.xml] occurs at [jar:file:/Users/admin/TWU_Biblioteca-master/lib/cobertura-2.1.1.jar!/logback.xml]
00:17:13,899 |-WARN in ch.qos.logback.classic.LoggerContext[default] - Resource [logback.xml] occurs at [jar:file:/Users/admin/TWU_Biblioteca-master/lib/cobertura-2.1.1-sources.jar!/logback.xml]
00:17:13,914 |-INFO in ch.qos.logback.core.joran.spi.ConfigurationWatchList@402f32ff - URL [jar:file:/Users/admin/TWU_Biblioteca-master/lib/cobertura-2.1.1-sources.jar!/logback.xml] is not of type file
00:17:13,948 |-INFO in ch.qos.logback.classic.joran.action.ConfigurationAction - debug attribute not set
00:17:13,950 |-INFO in ch.qos.logback.core.joran.action.AppenderAction - About to instantiate appender of type [ch.qos.logback.core.ConsoleAppender]
00:17:13,955 |-INFO in ch.qos.logback.core.joran.action.AppenderAction - Naming appender as [STDOUT]
00:17:13,973 |-INFO in ch.qos.logback.core.joran.action.NestedComplexPropertyIA - Assuming default type [ch.qos.logback.classic.encoder.PatternLayoutEncoder] for [encoder] property
00:17:14,004 |-INFO in ch.qos.logback.classic.joran.action.LoggerAction - Setting level of logger [net.sourceforge.cobertura] to INFO
00:17:14,004 |-INFO in ch.qos.logback.classic.joran.action.RootLoggerAction - Setting level of ROOT logger to DEBUG
00:17:14,004 |-INFO in ch.qos.logback.core.joran.action.AppenderRefAction - Attaching appender named [STDOUT] to Logger[ROOT]
00:17:14,005 |-INFO in ch.qos.logback.classic.joran.action.ConfigurationAction - End of configuration.
00:17:14,006 |-INFO in ch.qos.logback.classic.joran.JoranConfigurator@573f2bb1 - Registering current configuration as safe fallback point

]]></system-out>

      <system-err><![CDATA[]]></system-err>

  </testsuite>
  <testsuite errors="0" failures="0" hostname="INPriya.local" id="13" name="MenuControllerTest" package="com.tw.bibilioteca" skipped="0" tests="11" time="0.346" timestamp="2015-09-17T18:47:15">
      <properties>
[...]
</properties>

      <testcase classname="com.tw.bibilioteca.MenuControllerTest" name="shouldReturnBookIfChoiceIsFour" time="0.263" />

      <testcase classname="com.tw.bibilioteca.MenuControllerTest" name="shouldGetChoiceAndReturnControllerWithLibraryDataOfMoviesIfChoiceIsFive" time="0.009" />

      <testcase classname="com.tw.bibilioteca.MenuControllerTest" name="shouldCheckOutMovieIfChoiceIsSix" time="0.001" />

      <testcase classname="com.tw.bibilioteca.MenuControllerTest" name="shouldGetChoiceAndReturnControllerWithLibraryDataIfChoiceIsOne" time="0.003" />

      <testcase classname="com.tw.bibilioteca.MenuControllerTest" name="shouldCheckOutBookIfChoiceIsThree" time="0.001" />

      <testcase classname="com.tw.bibilioteca.MenuControllerTest" name="shouldReturnLoginControllerIfOperationIsNotValidForCurrentUser" time="0.001" />

      <testcase classname="com.tw.bibilioteca.MenuControllerTest" name="shouldGetChoiceAndReturnControllerIfChoiceIsOne" time="0.001" />

      <testcase classname="com.tw.bibilioteca.MenuControllerTest" name="shouldGetInput" time="0.015" />

      <testcase classname="com.tw.bibilioteca.MenuControllerTest" name="shouldReturnLoginControllerForLoginOption" time="0.001" />

      <testcase classname="com.tw.bibilioteca.MenuControllerTest" name="shouldPrintMenu" time="0.001" />

      <testcase classname="com.tw.bibilioteca.MenuControllerTest" name="shouldReturnGuestSessionAfterLogout" time="0.002" />

      <system-out><![CDATA[00:17:15,379 |-INFO in ch.qos.logback.classic.LoggerContext[default] - Could NOT find resource [logback.groovy]
00:17:15,379 |-INFO in ch.qos.logback.classic.LoggerContext[default] - Could NOT find resource [logback-test.xml]
00:17:15,379 |-INFO in ch.qos.logback.classic.LoggerContext[default] - Found resource [logback.xml] at [jar:file:/Users/admin/TWU_Biblioteca-master/lib/cobertura-2.1.1-sources.jar!/logback.xml]
00:17:15,379 |-WARN in ch.qos.logback.classic.LoggerContext[default] - Resource [logback.xml] occurs multiple times on the classpath.
00:17:15,380 |-WARN in ch.qos.logback.classic.LoggerContext[default] - Resource [logback.xml] occurs at [jar:file:/Users/admin/TWU_Biblioteca-master/lib/cobertura-2.1.1.jar!/logback.xml]
00:17:15,380 |-WARN in ch.qos.logback.classic.LoggerContext[default] - Resource [logback.xml] occurs at [jar:file:/Users/admin/TWU_Biblioteca-master/lib/cobertura-2.1.1-sources.jar!/logback.xml]
00:17:15,393 |-INFO in ch.qos.logback.core.joran.spi.ConfigurationWatchList@402f32ff - URL [jar:file:/Users/admin/TWU_Biblioteca-master/lib/cobertura-2.1.1-sources.jar!/logback.xml] is not of type file
00:17:15,424 |-INFO in ch.qos.logback.classic.joran.action.ConfigurationAction - debug attribute not set
00:17:15,425 |-INFO in ch.qos.logback.core.joran.action.AppenderAction - About to instantiate appender of type [ch.qos.logback.core.ConsoleAppender]
00:17:15,431 |-INFO in ch.qos.logback.core.joran.action.AppenderAction - Naming appender as [STDOUT]
00:17:15,448 |-INFO in ch.qos.logback.core.joran.action.NestedComplexPropertyIA - Assuming default type [ch.qos.logback.classic.encoder.PatternLayoutEncoder] for [encoder] property
00:17:15,478 |-INFO in ch.qos.logback.classic.joran.action.LoggerAction - Setting level of logger [net.sourceforge.cobertura] to INFO
00:17:15,478 |-INFO in ch.qos.logback.classic.joran.action.RootLoggerAction - Setting level of ROOT logger to DEBUG
00:17:15,479 |-INFO in ch.qos.logback.core.joran.action.AppenderRefAction - Attaching appender named [STDOUT] to Logger[ROOT]
00:17:15,479 |-INFO in ch.qos.logback.classic.joran.action.ConfigurationAction - End of configuration.
00:17:15,480 |-INFO in ch.qos.logback.classic.joran.JoranConfigurator@573f2bb1 - Registering current configuration as safe fallback point

1. List Books 2. List Movies 3. quit 4. CheckOut Book 5. CheckOut Movie 6. return Book 7. Log in 8. Log out 

]]></system-out>

      <system-err><![CDATA[]]></system-err>

  </testsuite>
  <testsuite errors="0" failures="0" hostname="INPriya.local" id="14" name="MenuTest" package="com.tw.bibilioteca" skipped="0" tests="9" time="0.206" timestamp="2015-09-17T18:47:16">
      <properties>
[...]
</properties>

      <testcase classname="com.tw.bibilioteca.MenuTest" name="shouldContainLastOptionInString" time="0.151" />

      <testcase classname="com.tw.bibilioteca.MenuTest" name="shouldReturnListAsString" time="0.0" />

      <testcase classname="com.tw.bibilioteca.MenuTest" name="shouldPrependOptionNumberForLastOptionInList" time="0.001" />

      <testcase classname="com.tw.bibilioteca.MenuTest" name="shouldContainEmptyStringForEmptyListOfOptions" time="0.0" />

      <testcase classname="com.tw.bibilioteca.MenuTest" name="shouldReturnSecondOperationWhenInListOnChoosingTwo" time="0.0" />

      <testcase classname="com.tw.bibilioteca.MenuTest" name="shouldReturnFirstOperationWhenInListOnChoosingOne" time="0.001" />

      <testcase classname="com.tw.bibilioteca.MenuTest" name="shouldPrependOptionNumberForSingleOptionInList" time="0.0" />

      <testcase classname="com.tw.bibilioteca.MenuTest" name="shouldReturnLastOperationWhenInListOnChoosingLastOption" time="0.0" />

      <testcase classname="com.tw.bibilioteca.MenuTest" name="shouldContainFirstOptionInString" time="0.001" />

      <system-out><![CDATA[00:17:17,038 |-INFO in ch.qos.logback.classic.LoggerContext[default] - Could NOT find resource [logback.groovy]
00:17:17,038 |-INFO in ch.qos.logback.classic.LoggerContext[default] - Could NOT find resource [logback-test.xml]
00:17:17,038 |-INFO in ch.qos.logback.classic.LoggerContext[default] - Found resource [logback.xml] at [jar:file:/Users/admin/TWU_Biblioteca-master/lib/cobertura-2.1.1-sources.jar!/logback.xml]
00:17:17,039 |-WARN in ch.qos.logback.classic.LoggerContext[default] - Resource [logback.xml] occurs multiple times on the classpath.
00:17:17,039 |-WARN in ch.qos.logback.classic.LoggerContext[default] - Resource [logback.xml] occurs at [jar:file:/Users/admin/TWU_Biblioteca-master/lib/cobertura-2.1.1.jar!/logback.xml]
00:17:17,039 |-WARN in ch.qos.logback.classic.LoggerContext[default] - Resource [logback.xml] occurs at [jar:file:/Users/admin/TWU_Biblioteca-master/lib/cobertura-2.1.1-sources.jar!/logback.xml]
00:17:17,051 |-INFO in ch.qos.logback.core.joran.spi.ConfigurationWatchList@402f32ff - URL [jar:file:/Users/admin/TWU_Biblioteca-master/lib/cobertura-2.1.1-sources.jar!/logback.xml] is not of type file
00:17:17,087 |-INFO in ch.qos.logback.classic.joran.action.ConfigurationAction - debug attribute not set
00:17:17,088 |-INFO in ch.qos.logback.core.joran.action.AppenderAction - About to instantiate appender of type [ch.qos.logback.core.ConsoleAppender]
00:17:17,094 |-INFO in ch.qos.logback.core.joran.action.AppenderAction - Naming appender as [STDOUT]
00:17:17,115 |-INFO in ch.qos.logback.core.joran.action.NestedComplexPropertyIA - Assuming default type [ch.qos.logback.classic.encoder.PatternLayoutEncoder] for [encoder] property
00:17:17,145 |-INFO in ch.qos.logback.classic.joran.action.LoggerAction - Setting level of logger [net.sourceforge.cobertura] to INFO
00:17:17,145 |-INFO in ch.qos.logback.classic.joran.action.RootLoggerAction - Setting level of ROOT logger to DEBUG
00:17:17,145 |-INFO in ch.qos.logback.core.joran.action.AppenderRefAction - Attaching appender named [STDOUT] to Logger[ROOT]
00:17:17,145 |-INFO in ch.qos.logback.classic.joran.action.ConfigurationAction - End of configuration.
00:17:17,146 |-INFO in ch.qos.logback.classic.joran.JoranConfigurator@573f2bb1 - Registering current configuration as safe fallback point

]]></system-out>

      <system-err><![CDATA[]]></system-err>

  </testsuite>
  <testsuite errors="0" failures="0" hostname="INPriya.local" id="15" name="MovieDetailsTest" package="com.tw.bibilioteca" skipped="0" tests="4" time="0.189" timestamp="2015-09-17T18:47:18">
      <properties>
[...]
</properties>

      <testcase classname="com.tw.bibilioteca.MovieDetailsTest" name="shouldReturnDirectorAsFields" time="0.148" />

      <testcase classname="com.tw.bibilioteca.MovieDetailsTest" name="shouldReturnYearReleasedAsFields" time="0.0" />

      <testcase classname="com.tw.bibilioteca.MovieDetailsTest" name="shouldReturnRatingAsFields" time="0.0" />

      <testcase classname="com.tw.bibilioteca.MovieDetailsTest" name="shouldReturnConcatenatedStringOfMovie" time="0.0" />

      <system-out><![CDATA[00:17:18,500 |-INFO in ch.qos.logback.classic.LoggerContext[default] - Could NOT find resource [logback.groovy]
00:17:18,500 |-INFO in ch.qos.logback.classic.LoggerContext[default] - Could NOT find resource [logback-test.xml]
00:17:18,500 |-INFO in ch.qos.logback.classic.LoggerContext[default] - Found resource [logback.xml] at [jar:file:/Users/admin/TWU_Biblioteca-master/lib/cobertura-2.1.1-sources.jar!/logback.xml]
00:17:18,500 |-WARN in ch.qos.logback.classic.LoggerContext[default] - Resource [logback.xml] occurs multiple times on the classpath.
00:17:18,500 |-WARN in ch.qos.logback.classic.LoggerContext[default] - Resource [logback.xml] occurs at [jar:file:/Users/admin/TWU_Biblioteca-master/lib/cobertura-2.1.1.jar!/logback.xml]
00:17:18,500 |-WARN in ch.qos.logback.classic.LoggerContext[default] - Resource [logback.xml] occurs at [jar:file:/Users/admin/TWU_Biblioteca-master/lib/cobertura-2.1.1-sources.jar!/logback.xml]
00:17:18,518 |-INFO in ch.qos.logback.core.joran.spi.ConfigurationWatchList@402f32ff - URL [jar:file:/Users/admin/TWU_Biblioteca-master/lib/cobertura-2.1.1-sources.jar!/logback.xml] is not of type file
00:17:18,549 |-INFO in ch.qos.logback.classic.joran.action.ConfigurationAction - debug attribute not set
00:17:18,551 |-INFO in ch.qos.logback.core.joran.action.AppenderAction - About to instantiate appender of type [ch.qos.logback.core.ConsoleAppender]
00:17:18,557 |-INFO in ch.qos.logback.core.joran.action.AppenderAction - Naming appender as [STDOUT]
00:17:18,572 |-INFO in ch.qos.logback.core.joran.action.NestedComplexPropertyIA - Assuming default type [ch.qos.logback.classic.encoder.PatternLayoutEncoder] for [encoder] property
00:17:18,600 |-INFO in ch.qos.logback.classic.joran.action.LoggerAction - Setting level of logger [net.sourceforge.cobertura] to INFO
00:17:18,600 |-INFO in ch.qos.logback.classic.joran.action.RootLoggerAction - Setting level of ROOT logger to DEBUG
00:17:18,601 |-INFO in ch.qos.logback.core.joran.action.AppenderRefAction - Attaching appender named [STDOUT] to Logger[ROOT]
00:17:18,601 |-INFO in ch.qos.logback.classic.joran.action.ConfigurationAction - End of configuration.
00:17:18,602 |-INFO in ch.qos.logback.classic.joran.JoranConfigurator@573f2bb1 - Registering current configuration as safe fallback point

]]></system-out>

      <system-err><![CDATA[]]></system-err>

  </testsuite>
  <testsuite errors="0" failures="0" hostname="INPriya.local" id="16" name="UserRoleTest" package="com.tw.bibilioteca" skipped="0" tests="6" time="0.198" timestamp="2015-09-17T18:47:19">
      <properties>
[...]
</properties>

      <testcase classname="com.tw.bibilioteca.UserRoleTest" name="shouldHaveRespectiveDisplayOperationsIsSameAsPermissibleOPerationsForUser" time="0.147" />

      <testcase classname="com.tw.bibilioteca.UserRoleTest" name="shouldHaveRespectiveDisplayOperationsIsSameAsPermissibleOPerationsForAdmin" time="0.001" />

      <testcase classname="com.tw.bibilioteca.UserRoleTest" name="shouldHaveRespectiveOperationsForUser" time="0.0" />

      <testcase classname="com.tw.bibilioteca.UserRoleTest" name="shouldHaveRespectiveDisplayOperationsForGuest" time="0.001" />

      <testcase classname="com.tw.bibilioteca.UserRoleTest" name="shouldHaveRespectiveOperationsForAdmin" time="0.0" />

      <testcase classname="com.tw.bibilioteca.UserRoleTest" name="shouldHaveRespectiveOperationsForGuest" time="0.001" />

      <system-out><![CDATA[00:17:19,984 |-INFO in ch.qos.logback.classic.LoggerContext[default] - Could NOT find resource [logback.groovy]
00:17:19,984 |-INFO in ch.qos.logback.classic.LoggerContext[default] - Could NOT find resource [logback-test.xml]
00:17:19,984 |-INFO in ch.qos.logback.classic.LoggerContext[default] - Found resource [logback.xml] at [jar:file:/Users/admin/TWU_Biblioteca-master/lib/cobertura-2.1.1-sources.jar!/logback.xml]
00:17:19,985 |-WARN in ch.qos.logback.classic.LoggerContext[default] - Resource [logback.xml] occurs multiple times on the classpath.
00:17:19,985 |-WARN in ch.qos.logback.classic.LoggerContext[default] - Resource [logback.xml] occurs at [jar:file:/Users/admin/TWU_Biblioteca-master/lib/cobertura-2.1.1.jar!/logback.xml]
00:17:19,985 |-WARN in ch.qos.logback.classic.LoggerContext[default] - Resource [logback.xml] occurs at [jar:file:/Users/admin/TWU_Biblioteca-master/lib/cobertura-2.1.1-sources.jar!/logback.xml]
00:17:19,998 |-INFO in ch.qos.logback.core.joran.spi.ConfigurationWatchList@402f32ff - URL [jar:file:/Users/admin/TWU_Biblioteca-master/lib/cobertura-2.1.1-sources.jar!/logback.xml] is not of type file
00:17:20,033 |-INFO in ch.qos.logback.classic.joran.action.ConfigurationAction - debug attribute not set
00:17:20,035 |-INFO in ch.qos.logback.core.joran.action.AppenderAction - About to instantiate appender of type [ch.qos.logback.core.ConsoleAppender]
00:17:20,043 |-INFO in ch.qos.logback.core.joran.action.AppenderAction - Naming appender as [STDOUT]
00:17:20,059 |-INFO in ch.qos.logback.core.joran.action.NestedComplexPropertyIA - Assuming default type [ch.qos.logback.classic.encoder.PatternLayoutEncoder] for [encoder] property
00:17:20,088 |-INFO in ch.qos.logback.classic.joran.action.LoggerAction - Setting level of logger [net.sourceforge.cobertura] to INFO
00:17:20,088 |-INFO in ch.qos.logback.classic.joran.action.RootLoggerAction - Setting level of ROOT logger to DEBUG
00:17:20,088 |-INFO in ch.qos.logback.core.joran.action.AppenderRefAction - Attaching appender named [STDOUT] to Logger[ROOT]
00:17:20,088 |-INFO in ch.qos.logback.classic.joran.action.ConfigurationAction - End of configuration.
00:17:20,089 |-INFO in ch.qos.logback.classic.joran.JoranConfigurator@573f2bb1 - Registering current configuration as safe fallback point

]]></system-out>

      <system-err><![CDATA[]]></system-err>

  </testsuite>
  <testsuite errors="0" failures="0" hostname="INPriya.local" id="17" name="UserTest" package="com.tw.bibilioteca" skipped="0" tests="3" time="0.198" timestamp="2015-09-17T18:47:21">
      <properties>
[...]
</properties>

      <testcase classname="com.tw.bibilioteca.UserTest" name="shouldHaveContact" time="0.152" />

      <testcase classname="com.tw.bibilioteca.UserTest" name="shouldHaveLibraryNUmber" time="0.0" />

      <testcase classname="com.tw.bibilioteca.UserTest" name="shouldHavePhone" time="0.0" />

      <system-out><![CDATA[00:17:21,485 |-INFO in ch.qos.logback.classic.LoggerContext[default] - Could NOT find resource [logback.groovy]
00:17:21,485 |-INFO in ch.qos.logback.classic.LoggerContext[default] - Could NOT find resource [logback-test.xml]
00:17:21,486 |-INFO in ch.qos.logback.classic.LoggerContext[default] - Found resource [logback.xml] at [jar:file:/Users/admin/TWU_Biblioteca-master/lib/cobertura-2.1.1-sources.jar!/logback.xml]
00:17:21,486 |-WARN in ch.qos.logback.classic.LoggerContext[default] - Resource [logback.xml] occurs multiple times on the classpath.
00:17:21,486 |-WARN in ch.qos.logback.classic.LoggerContext[default] - Resource [logback.xml] occurs at [jar:file:/Users/admin/TWU_Biblioteca-master/lib/cobertura-2.1.1.jar!/logback.xml]
00:17:21,486 |-WARN in ch.qos.logback.classic.LoggerContext[default] - Resource [logback.xml] occurs at [jar:file:/Users/admin/TWU_Biblioteca-master/lib/cobertura-2.1.1-sources.jar!/logback.xml]
00:17:21,500 |-INFO in ch.qos.logback.core.joran.spi.ConfigurationWatchList@402f32ff - URL [jar:file:/Users/admin/TWU_Biblioteca-master/lib/cobertura-2.1.1-sources.jar!/logback.xml] is not of type file
00:17:21,537 |-INFO in ch.qos.logback.classic.joran.action.ConfigurationAction - debug attribute not set
00:17:21,538 |-INFO in ch.qos.logback.core.joran.action.AppenderAction - About to instantiate appender of type [ch.qos.logback.core.ConsoleAppender]
00:17:21,544 |-INFO in ch.qos.logback.core.joran.action.AppenderAction - Naming appender as [STDOUT]
00:17:21,561 |-INFO in ch.qos.logback.core.joran.action.NestedComplexPropertyIA - Assuming default type [ch.qos.logback.classic.encoder.PatternLayoutEncoder] for [encoder] property
00:17:21,588 |-INFO in ch.qos.logback.classic.joran.action.LoggerAction - Setting level of logger [net.sourceforge.cobertura] to INFO
00:17:21,588 |-INFO in ch.qos.logback.classic.joran.action.RootLoggerAction - Setting level of ROOT logger to DEBUG
00:17:21,588 |-INFO in ch.qos.logback.core.joran.action.AppenderRefAction - Attaching appender named [STDOUT] to Logger[ROOT]
00:17:21,589 |-INFO in ch.qos.logback.classic.joran.action.ConfigurationAction - End of configuration.
00:17:21,590 |-INFO in ch.qos.logback.classic.joran.JoranConfigurator@573f2bb1 - Registering current configuration as safe fallback point

]]></system-out>

      <system-err><![CDATA[]]></system-err>

  </testsuite>
  <testsuite errors="0" failures="0" hostname="INPriya.local" id="18" name="UsersTest" package="com.tw.bibilioteca" skipped="0" tests="6" time="0.205" timestamp="2015-09-17T18:47:22">
      <properties>
[...]
</properties>

      <testcase classname="com.tw.bibilioteca.UsersTest" name="shouldReturnUserInformationForValidUserToken" time="0.155" />

      <testcase classname="com.tw.bibilioteca.UsersTest" name="shouldReturnGuestRoleInformationForValidGuestToken" time="0.001" />

      <testcase classname="com.tw.bibilioteca.UsersTest" name="shouldReturnAdminRoleInformationForValidAdminUserToken" time="0.0" />

      <testcase classname="com.tw.bibilioteca.UsersTest" name="shouldReturnUserRoleInformationForValidNonAdminUserToken" time="0.0" />

      <testcase classname="com.tw.bibilioteca.UsersTest" name="shouldReturnUserInformationForValidGuestToken" time="0.0" />

      <testcase classname="com.tw.bibilioteca.UsersTest" name="shouldNotReturnUserInformationForInValidUserToken" time="0.0" />

      <system-out><![CDATA[00:17:22,984 |-INFO in ch.qos.logback.classic.LoggerContext[default] - Could NOT find resource [logback.groovy]
00:17:22,984 |-INFO in ch.qos.logback.classic.LoggerContext[default] - Could NOT find resource [logback-test.xml]
00:17:22,984 |-INFO in ch.qos.logback.classic.LoggerContext[default] - Found resource [logback.xml] at [jar:file:/Users/admin/TWU_Biblioteca-master/lib/cobertura-2.1.1-sources.jar!/logback.xml]
00:17:22,985 |-WARN in ch.qos.logback.classic.LoggerContext[default] - Resource [logback.xml] occurs multiple times on the classpath.
00:17:22,985 |-WARN in ch.qos.logback.classic.LoggerContext[default] - Resource [logback.xml] occurs at [jar:file:/Users/admin/TWU_Biblioteca-master/lib/cobertura-2.1.1.jar!/logback.xml]
00:17:22,985 |-WARN in ch.qos.logback.classic.LoggerContext[default] - Resource [logback.xml] occurs at [jar:file:/Users/admin/TWU_Biblioteca-master/lib/cobertura-2.1.1-sources.jar!/logback.xml]
00:17:23,001 |-INFO in ch.qos.logback.core.joran.spi.ConfigurationWatchList@402f32ff - URL [jar:file:/Users/admin/TWU_Biblioteca-master/lib/cobertura-2.1.1-sources.jar!/logback.xml] is not of type file
00:17:23,032 |-INFO in ch.qos.logback.classic.joran.action.ConfigurationAction - debug attribute not set
00:17:23,034 |-INFO in ch.qos.logback.core.joran.action.AppenderAction - About to instantiate appender of type [ch.qos.logback.core.ConsoleAppender]
00:17:23,040 |-INFO in ch.qos.logback.core.joran.action.AppenderAction - Naming appender as [STDOUT]
00:17:23,058 |-INFO in ch.qos.logback.core.joran.action.NestedComplexPropertyIA - Assuming default type [ch.qos.logback.classic.encoder.PatternLayoutEncoder] for [encoder] property
00:17:23,087 |-INFO in ch.qos.logback.classic.joran.action.LoggerAction - Setting level of logger [net.sourceforge.cobertura] to INFO
00:17:23,087 |-INFO in ch.qos.logback.classic.joran.action.RootLoggerAction - Setting level of ROOT logger to DEBUG
00:17:23,087 |-INFO in ch.qos.logback.core.joran.action.AppenderRefAction - Attaching appender named [STDOUT] to Logger[ROOT]
00:17:23,087 |-INFO in ch.qos.logback.classic.joran.action.ConfigurationAction - End of configuration.
00:17:23,089 |-INFO in ch.qos.logback.classic.joran.JoranConfigurator@573f2bb1 - Registering current configuration as safe fallback point

]]></system-out>

      <system-err><![CDATA[]]></system-err>

  </testsuite>
  <testsuite errors="0" failures="0" hostname="INPriya.local" id="19" name="WelcomeMessageTest" package="com.tw.bibilioteca" skipped="0" tests="2" time="0.19" timestamp="2015-09-17T18:47:24">
      <properties>
[...]
</properties>

      <testcase classname="com.tw.bibilioteca.WelcomeMessageTest" name="shouldReturnWelcomeMessage" time="0.147" />

      <testcase classname="com.tw.bibilioteca.WelcomeMessageTest" name="shouldReturnWelcomeMessageOnToString" time="0.0" />

      <system-out><![CDATA[00:17:24,463 |-INFO in ch.qos.logback.classic.LoggerContext[default] - Could NOT find resource [logback.groovy]
00:17:24,463 |-INFO in ch.qos.logback.classic.LoggerContext[default] - Could NOT find resource [logback-test.xml]
00:17:24,463 |-INFO in ch.qos.logback.classic.LoggerContext[default] - Found resource [logback.xml] at [jar:file:/Users/admin/TWU_Biblioteca-master/lib/cobertura-2.1.1-sources.jar!/logback.xml]
00:17:24,464 |-WARN in ch.qos.logback.classic.LoggerContext[default] - Resource [logback.xml] occurs multiple times on the classpath.
00:17:24,464 |-WARN in ch.qos.logback.classic.LoggerContext[default] - Resource [logback.xml] occurs at [jar:file:/Users/admin/TWU_Biblioteca-master/lib/cobertura-2.1.1.jar!/logback.xml]
00:17:24,464 |-WARN in ch.qos.logback.classic.LoggerContext[default] - Resource [logback.xml] occurs at [jar:file:/Users/admin/TWU_Biblioteca-master/lib/cobertura-2.1.1-sources.jar!/logback.xml]
00:17:24,478 |-INFO in ch.qos.logback.core.joran.spi.ConfigurationWatchList@402f32ff - URL [jar:file:/Users/admin/TWU_Biblioteca-master/lib/cobertura-2.1.1-sources.jar!/logback.xml] is not of type file
00:17:24,513 |-INFO in ch.qos.logback.classic.joran.action.ConfigurationAction - debug attribute not set
00:17:24,514 |-INFO in ch.qos.logback.core.joran.action.AppenderAction - About to instantiate appender of type [ch.qos.logback.core.ConsoleAppender]
00:17:24,521 |-INFO in ch.qos.logback.core.joran.action.AppenderAction - Naming appender as [STDOUT]
00:17:24,535 |-INFO in ch.qos.logback.core.joran.action.NestedComplexPropertyIA - Assuming default type [ch.qos.logback.classic.encoder.PatternLayoutEncoder] for [encoder] property
00:17:24,566 |-INFO in ch.qos.logback.classic.joran.action.LoggerAction - Setting level of logger [net.sourceforge.cobertura] to INFO
00:17:24,566 |-INFO in ch.qos.logback.classic.joran.action.RootLoggerAction - Setting level of ROOT logger to DEBUG
00:17:24,566 |-INFO in ch.qos.logback.core.joran.action.AppenderRefAction - Attaching appender named [STDOUT] to Logger[ROOT]
00:17:24,566 |-INFO in ch.qos.logback.classic.joran.action.ConfigurationAction - End of configuration.
00:17:24,567 |-INFO in ch.qos.logback.classic.joran.JoranConfigurator@573f2bb1 - Registering current configuration as safe fallback point

]]></system-out>

      <system-err><![CDATA[]]></system-err>

  </testsuite>
</testsuites>
