<?xml version="1.0" encoding="UTF-8" ?>
<testsuites>
  <testsuite errors="0" failures="0" hostname="INPriya.local" id="0" name="BibilioticaApplicationTest" package="com.tw.bibilioteca" skipped="0" tests="3" time="0.201" timestamp="2015-09-17T13:18:52">
      <properties>
[...]
</properties>

      <testcase classname="com.tw.bibilioteca.BibilioticaApplicationTest" name="shouldPrintMenuWithListBooksOption" time="0.158" />

      <testcase classname="com.tw.bibilioteca.BibilioticaApplicationTest" name="shouldPrintWelcomeMessageOnStart" time="0.001" />

      <testcase classname="com.tw.bibilioteca.BibilioticaApplicationTest" name="shouldPrintTheCatalog" time="0.001" />

      <system-out><![CDATA[]]></system-out>

      <system-err><![CDATA[]]></system-err>

  </testsuite>
  <testsuite errors="0" failures="0" hostname="INPriya.local" id="1" name="BookDetailsTest" package="com.tw.bibilioteca" skipped="0" tests="3" time="0.197" timestamp="2015-09-17T13:18:53">
      <properties>
[...]
</properties>

      <testcase classname="com.tw.bibilioteca.BookDetailsTest" name="shouldHaveAuthorInItsStringOutput" time="0.151" />

      <testcase classname="com.tw.bibilioteca.BookDetailsTest" name="shouldHaveFieldsSeparatedBySpacesInItsStringOutput" time="0.0" />

      <testcase classname="com.tw.bibilioteca.BookDetailsTest" name="shouldHaveYearOfPublishedInItsStringOutput" time="0.001" />

      <system-out><![CDATA[18:48:53,916 |-INFO in ch.qos.logback.classic.LoggerContext[default] - Could NOT find resource [logback.groovy]
18:48:53,916 |-INFO in ch.qos.logback.classic.LoggerContext[default] - Could NOT find resource [logback-test.xml]
18:48:53,916 |-INFO in ch.qos.logback.classic.LoggerContext[default] - Found resource [logback.xml] at [jar:file:/Users/admin/TWU_Biblioteca-master/lib/cobertura-2.1.1-sources.jar!/logback.xml]
18:48:53,916 |-WARN in ch.qos.logback.classic.LoggerContext[default] - Resource [logback.xml] occurs multiple times on the classpath.
18:48:53,917 |-WARN in ch.qos.logback.classic.LoggerContext[default] - Resource [logback.xml] occurs at [jar:file:/Users/admin/TWU_Biblioteca-master/lib/cobertura-2.1.1.jar!/logback.xml]
18:48:53,917 |-WARN in ch.qos.logback.classic.LoggerContext[default] - Resource [logback.xml] occurs at [jar:file:/Users/admin/TWU_Biblioteca-master/lib/cobertura-2.1.1-sources.jar!/logback.xml]
18:48:53,932 |-INFO in ch.qos.logback.core.joran.spi.ConfigurationWatchList@402f32ff - URL [jar:file:/Users/admin/TWU_Biblioteca-master/lib/cobertura-2.1.1-sources.jar!/logback.xml] is not of type file
18:48:53,965 |-INFO in ch.qos.logback.classic.joran.action.ConfigurationAction - debug attribute not set
18:48:53,966 |-INFO in ch.qos.logback.core.joran.action.AppenderAction - About to instantiate appender of type [ch.qos.logback.core.ConsoleAppender]
18:48:53,971 |-INFO in ch.qos.logback.core.joran.action.AppenderAction - Naming appender as [STDOUT]
18:48:53,989 |-INFO in ch.qos.logback.core.joran.action.NestedComplexPropertyIA - Assuming default type [ch.qos.logback.classic.encoder.PatternLayoutEncoder] for [encoder] property
18:48:54,021 |-INFO in ch.qos.logback.classic.joran.action.LoggerAction - Setting level of logger [net.sourceforge.cobertura] to INFO
18:48:54,021 |-INFO in ch.qos.logback.classic.joran.action.RootLoggerAction - Setting level of ROOT logger to DEBUG
18:48:54,021 |-INFO in ch.qos.logback.core.joran.action.AppenderRefAction - Attaching appender named [STDOUT] to Logger[ROOT]
18:48:54,022 |-INFO in ch.qos.logback.classic.joran.action.ConfigurationAction - End of configuration.
18:48:54,023 |-INFO in ch.qos.logback.classic.joran.JoranConfigurator@573f2bb1 - Registering current configuration as safe fallback point

]]></system-out>

      <system-err><![CDATA[]]></system-err>

  </testsuite>
  <testsuite errors="0" failures="0" hostname="INPriya.local" id="2" name="BookDetailsTest" package="com.tw.bibilioteca" skipped="0" tests="4" time="0.193" timestamp="2015-09-17T05:24:48">
      <properties>
[...]
</properties>

      <testcase classname="com.tw.bibilioteca.BookDetailsTest" name="shouldHaveAuthorInItsStringOutput" time="0.146" />

      <testcase classname="com.tw.bibilioteca.BookDetailsTest" name="shouldHaveFieldsSeparatedBySpacesInItsStringOutput" time="0.0" />

      <testcase classname="com.tw.bibilioteca.BookDetailsTest" name="shouldHaveNameInItsStringOutput" time="0.0" />

      <testcase classname="com.tw.bibilioteca.BookDetailsTest" name="shouldHaveYearOfPublishedInItsStringOutput" time="0.0" />

      <system-out><![CDATA[10:54:48,245 |-INFO in ch.qos.logback.classic.LoggerContext[default] - Could NOT find resource [logback.groovy]
10:54:48,245 |-INFO in ch.qos.logback.classic.LoggerContext[default] - Could NOT find resource [logback-test.xml]
10:54:48,246 |-INFO in ch.qos.logback.classic.LoggerContext[default] - Found resource [logback.xml] at [jar:file:/Users/admin/TWU_Biblioteca-master/lib/cobertura-2.1.1-sources.jar!/logback.xml]
10:54:48,246 |-WARN in ch.qos.logback.classic.LoggerContext[default] - Resource [logback.xml] occurs multiple times on the classpath.
10:54:48,246 |-WARN in ch.qos.logback.classic.LoggerContext[default] - Resource [logback.xml] occurs at [jar:file:/Users/admin/TWU_Biblioteca-master/lib/cobertura-2.1.1.jar!/logback.xml]
10:54:48,246 |-WARN in ch.qos.logback.classic.LoggerContext[default] - Resource [logback.xml] occurs at [jar:file:/Users/admin/TWU_Biblioteca-master/lib/cobertura-2.1.1-sources.jar!/logback.xml]
10:54:48,262 |-INFO in ch.qos.logback.core.joran.spi.ConfigurationWatchList@402f32ff - URL [jar:file:/Users/admin/TWU_Biblioteca-master/lib/cobertura-2.1.1-sources.jar!/logback.xml] is not of type file
10:54:48,297 |-INFO in ch.qos.logback.classic.joran.action.ConfigurationAction - debug attribute not set
10:54:48,298 |-INFO in ch.qos.logback.core.joran.action.AppenderAction - About to instantiate appender of type [ch.qos.logback.core.ConsoleAppender]
10:54:48,304 |-INFO in ch.qos.logback.core.joran.action.AppenderAction - Naming appender as [STDOUT]
10:54:48,319 |-INFO in ch.qos.logback.core.joran.action.NestedComplexPropertyIA - Assuming default type [ch.qos.logback.classic.encoder.PatternLayoutEncoder] for [encoder] property
10:54:48,349 |-INFO in ch.qos.logback.classic.joran.action.LoggerAction - Setting level of logger [net.sourceforge.cobertura] to INFO
10:54:48,349 |-INFO in ch.qos.logback.classic.joran.action.RootLoggerAction - Setting level of ROOT logger to DEBUG
10:54:48,349 |-INFO in ch.qos.logback.core.joran.action.AppenderRefAction - Attaching appender named [STDOUT] to Logger[ROOT]
10:54:48,349 |-INFO in ch.qos.logback.classic.joran.action.ConfigurationAction - End of configuration.
10:54:48,350 |-INFO in ch.qos.logback.classic.joran.JoranConfigurator@573f2bb1 - Registering current configuration as safe fallback point

]]></system-out>

      <system-err><![CDATA[]]></system-err>

  </testsuite>
  <testsuite errors="0" failures="0" hostname="INPriya.local" id="3" name="CatalogOperationTest" package="com.tw.bibilioteca" skipped="0" tests="10" time="0.308" timestamp="2015-09-17T13:18:55">
      <properties>
[...]
</properties>

      <testcase classname="com.tw.bibilioteca.CatalogOperationTest" name="shouldNotRetunBookIfNotReturnable" time="0.258" />

      <testcase classname="com.tw.bibilioteca.CatalogOperationTest" name="shouldPrintFailureMessageForUnSuccessfulReturn" time="0.001" />

      <testcase classname="com.tw.bibilioteca.CatalogOperationTest" name="shouldPrintSuccessMessageForSuccessfulReturn" time="0.001" />

      <testcase classname="com.tw.bibilioteca.CatalogOperationTest" name="shouldCheckIfBookIsAvailableForExecuteCheckout" time="0.001" />

      <testcase classname="com.tw.bibilioteca.CatalogOperationTest" name="shouldPrintFailureMessageForUnSuccessfulCheckout" time="0.0" />

      <testcase classname="com.tw.bibilioteca.CatalogOperationTest" name="shouldCheckoutBookIfAvailable" time="0.0" />

      <testcase classname="com.tw.bibilioteca.CatalogOperationTest" name="shouldReturnBookIfReturnable" time="0.001" />

      <testcase classname="com.tw.bibilioteca.CatalogOperationTest" name="shouldNotCheckoutBookIfNotAvailable" time="0.001" />

      <testcase classname="com.tw.bibilioteca.CatalogOperationTest" name="shouldPrintSuccessMessageForSuccessfulCheckout" time="0.0" />

      <testcase classname="com.tw.bibilioteca.CatalogOperationTest" name="shouldCheckIfBookIsReturnableForExecuteReturn" time="0.0" />

      <system-out><![CDATA[18:48:55,501 |-INFO in ch.qos.logback.classic.LoggerContext[default] - Could NOT find resource [logback.groovy]
18:48:55,501 |-INFO in ch.qos.logback.classic.LoggerContext[default] - Could NOT find resource [logback-test.xml]
18:48:55,501 |-INFO in ch.qos.logback.classic.LoggerContext[default] - Found resource [logback.xml] at [jar:file:/Users/admin/TWU_Biblioteca-master/lib/cobertura-2.1.1-sources.jar!/logback.xml]
18:48:55,502 |-WARN in ch.qos.logback.classic.LoggerContext[default] - Resource [logback.xml] occurs multiple times on the classpath.
18:48:55,502 |-WARN in ch.qos.logback.classic.LoggerContext[default] - Resource [logback.xml] occurs at [jar:file:/Users/admin/TWU_Biblioteca-master/lib/cobertura-2.1.1.jar!/logback.xml]
18:48:55,502 |-WARN in ch.qos.logback.classic.LoggerContext[default] - Resource [logback.xml] occurs at [jar:file:/Users/admin/TWU_Biblioteca-master/lib/cobertura-2.1.1-sources.jar!/logback.xml]
18:48:55,515 |-INFO in ch.qos.logback.core.joran.spi.ConfigurationWatchList@37d31475 - URL [jar:file:/Users/admin/TWU_Biblioteca-master/lib/cobertura-2.1.1-sources.jar!/logback.xml] is not of type file
18:48:55,551 |-INFO in ch.qos.logback.classic.joran.action.ConfigurationAction - debug attribute not set
18:48:55,552 |-INFO in ch.qos.logback.core.joran.action.AppenderAction - About to instantiate appender of type [ch.qos.logback.core.ConsoleAppender]
18:48:55,559 |-INFO in ch.qos.logback.core.joran.action.AppenderAction - Naming appender as [STDOUT]
18:48:55,575 |-INFO in ch.qos.logback.core.joran.action.NestedComplexPropertyIA - Assuming default type [ch.qos.logback.classic.encoder.PatternLayoutEncoder] for [encoder] property
18:48:55,600 |-INFO in ch.qos.logback.classic.joran.action.LoggerAction - Setting level of logger [net.sourceforge.cobertura] to INFO
18:48:55,600 |-INFO in ch.qos.logback.classic.joran.action.RootLoggerAction - Setting level of ROOT logger to DEBUG
18:48:55,600 |-INFO in ch.qos.logback.core.joran.action.AppenderRefAction - Attaching appender named [STDOUT] to Logger[ROOT]
18:48:55,600 |-INFO in ch.qos.logback.classic.joran.action.ConfigurationAction - End of configuration.
18:48:55,601 |-INFO in ch.qos.logback.classic.joran.JoranConfigurator@27808f31 - Registering current configuration as safe fallback point

]]></system-out>

      <system-err><![CDATA[]]></system-err>

  </testsuite>
  <testsuite errors="0" failures="0" hostname="INPriya.local" id="4" name="CatalogTest" package="com.tw.bibilioteca" skipped="0" tests="9" time="0.188" timestamp="2015-09-17T13:18:56">
      <properties>
[...]
</properties>

      <testcase classname="com.tw.bibilioteca.CatalogTest" name="shouldCheckIfBookIsReturnable" time="0.136" />

      <testcase classname="com.tw.bibilioteca.CatalogTest" name="shouldCheckOutAndNotAllowCheckOutOfAlreadyCheckedOutBooks" time="0.0" />

      <testcase classname="com.tw.bibilioteca.CatalogTest" name="shouldCheckIfBookIsNotInAvailableBookList" time="0.0" />

      <testcase classname="com.tw.bibilioteca.CatalogTest" name="shouldContainSecondBookInNextLineOfFirstBook" time="0.0" />

      <testcase classname="com.tw.bibilioteca.CatalogTest" name="shouldContainFirstBook" time="0.0" />

      <testcase classname="com.tw.bibilioteca.CatalogTest" name="shouldContainEmptyStringIfListIsEmpty" time="0.0" />

      <testcase classname="com.tw.bibilioteca.CatalogTest" name="shouldReturnAndNotAllowReturnOfAlreadyReturnedBooks" time="0.0" />

      <testcase classname="com.tw.bibilioteca.CatalogTest" name="shouldContainLastBook" time="0.0" />

      <testcase classname="com.tw.bibilioteca.CatalogTest" name="shouldCheckIfBookIsInAvailableBookList" time="0.0" />

      <system-out><![CDATA[18:48:56,971 |-INFO in ch.qos.logback.classic.LoggerContext[default] - Could NOT find resource [logback.groovy]
18:48:56,971 |-INFO in ch.qos.logback.classic.LoggerContext[default] - Could NOT find resource [logback-test.xml]
18:48:56,972 |-INFO in ch.qos.logback.classic.LoggerContext[default] - Found resource [logback.xml] at [jar:file:/Users/admin/TWU_Biblioteca-master/lib/cobertura-2.1.1-sources.jar!/logback.xml]
18:48:56,973 |-WARN in ch.qos.logback.classic.LoggerContext[default] - Resource [logback.xml] occurs multiple times on the classpath.
18:48:56,973 |-WARN in ch.qos.logback.classic.LoggerContext[default] - Resource [logback.xml] occurs at [jar:file:/Users/admin/TWU_Biblioteca-master/lib/cobertura-2.1.1.jar!/logback.xml]
18:48:56,973 |-WARN in ch.qos.logback.classic.LoggerContext[default] - Resource [logback.xml] occurs at [jar:file:/Users/admin/TWU_Biblioteca-master/lib/cobertura-2.1.1-sources.jar!/logback.xml]
18:48:56,985 |-INFO in ch.qos.logback.core.joran.spi.ConfigurationWatchList@402f32ff - URL [jar:file:/Users/admin/TWU_Biblioteca-master/lib/cobertura-2.1.1-sources.jar!/logback.xml] is not of type file
18:48:57,019 |-INFO in ch.qos.logback.classic.joran.action.ConfigurationAction - debug attribute not set
18:48:57,020 |-INFO in ch.qos.logback.core.joran.action.AppenderAction - About to instantiate appender of type [ch.qos.logback.core.ConsoleAppender]
18:48:57,025 |-INFO in ch.qos.logback.core.joran.action.AppenderAction - Naming appender as [STDOUT]
18:48:57,040 |-INFO in ch.qos.logback.core.joran.action.NestedComplexPropertyIA - Assuming default type [ch.qos.logback.classic.encoder.PatternLayoutEncoder] for [encoder] property
18:48:57,064 |-INFO in ch.qos.logback.classic.joran.action.LoggerAction - Setting level of logger [net.sourceforge.cobertura] to INFO
18:48:57,065 |-INFO in ch.qos.logback.classic.joran.action.RootLoggerAction - Setting level of ROOT logger to DEBUG
18:48:57,065 |-INFO in ch.qos.logback.core.joran.action.AppenderRefAction - Attaching appender named [STDOUT] to Logger[ROOT]
18:48:57,065 |-INFO in ch.qos.logback.classic.joran.action.ConfigurationAction - End of configuration.
18:48:57,066 |-INFO in ch.qos.logback.classic.joran.JoranConfigurator@573f2bb1 - Registering current configuration as safe fallback point

]]></system-out>

      <system-err><![CDATA[]]></system-err>

  </testsuite>
  <testsuite errors="0" failures="0" hostname="INPriya.local" id="5" name="ConsoleDisplayTest" package="com.tw.bibilioteca" skipped="0" tests="3" time="0.19" timestamp="2015-09-17T13:18:58">
      <properties>
[...]
</properties>

      <testcase classname="com.tw.bibilioteca.ConsoleDisplayTest" name="shouldGetIntegerFromInputStream" time="0.146" />

      <testcase classname="com.tw.bibilioteca.ConsoleDisplayTest" name="shouldGetStringFromInputStream" time="0.001" />

      <testcase classname="com.tw.bibilioteca.ConsoleDisplayTest" name="shouldPrintObjectsToStringOutput" time="0.0" />

      <system-out><![CDATA[18:48:58,417 |-INFO in ch.qos.logback.classic.LoggerContext[default] - Could NOT find resource [logback.groovy]
18:48:58,417 |-INFO in ch.qos.logback.classic.LoggerContext[default] - Could NOT find resource [logback-test.xml]
18:48:58,418 |-INFO in ch.qos.logback.classic.LoggerContext[default] - Found resource [logback.xml] at [jar:file:/Users/admin/TWU_Biblioteca-master/lib/cobertura-2.1.1-sources.jar!/logback.xml]
18:48:58,418 |-WARN in ch.qos.logback.classic.LoggerContext[default] - Resource [logback.xml] occurs multiple times on the classpath.
18:48:58,418 |-WARN in ch.qos.logback.classic.LoggerContext[default] - Resource [logback.xml] occurs at [jar:file:/Users/admin/TWU_Biblioteca-master/lib/cobertura-2.1.1.jar!/logback.xml]
18:48:58,418 |-WARN in ch.qos.logback.classic.LoggerContext[default] - Resource [logback.xml] occurs at [jar:file:/Users/admin/TWU_Biblioteca-master/lib/cobertura-2.1.1-sources.jar!/logback.xml]
18:48:58,431 |-INFO in ch.qos.logback.core.joran.spi.ConfigurationWatchList@402f32ff - URL [jar:file:/Users/admin/TWU_Biblioteca-master/lib/cobertura-2.1.1-sources.jar!/logback.xml] is not of type file
18:48:58,462 |-INFO in ch.qos.logback.classic.joran.action.ConfigurationAction - debug attribute not set
18:48:58,463 |-INFO in ch.qos.logback.core.joran.action.AppenderAction - About to instantiate appender of type [ch.qos.logback.core.ConsoleAppender]
18:48:58,469 |-INFO in ch.qos.logback.core.joran.action.AppenderAction - Naming appender as [STDOUT]
18:48:58,487 |-INFO in ch.qos.logback.core.joran.action.NestedComplexPropertyIA - Assuming default type [ch.qos.logback.classic.encoder.PatternLayoutEncoder] for [encoder] property
18:48:58,517 |-INFO in ch.qos.logback.classic.joran.action.LoggerAction - Setting level of logger [net.sourceforge.cobertura] to INFO
18:48:58,517 |-INFO in ch.qos.logback.classic.joran.action.RootLoggerAction - Setting level of ROOT logger to DEBUG
18:48:58,517 |-INFO in ch.qos.logback.core.joran.action.AppenderRefAction - Attaching appender named [STDOUT] to Logger[ROOT]
18:48:58,518 |-INFO in ch.qos.logback.classic.joran.action.ConfigurationAction - End of configuration.
18:48:58,519 |-INFO in ch.qos.logback.classic.joran.JoranConfigurator@573f2bb1 - Registering current configuration as safe fallback point

]]></system-out>

      <system-err><![CDATA[]]></system-err>

  </testsuite>
  <testsuite errors="0" failures="0" hostname="INPriya.local" id="6" name="ControllerTest" package="com.tw.bibilioteca" skipped="0" tests="2" time="0.287" timestamp="2015-09-17T13:18:59">
      <properties>
[...]
</properties>

      <testcase classname="com.tw.bibilioteca.ControllerTest" name="shouldReturnNewControllerWithMenu" time="0.147" />

      <testcase classname="com.tw.bibilioteca.ControllerTest" name="shouldPrintCurrentObject" time="0.102" />

      <system-out><![CDATA[18:48:59,879 |-INFO in ch.qos.logback.classic.LoggerContext[default] - Could NOT find resource [logback.groovy]
18:48:59,879 |-INFO in ch.qos.logback.classic.LoggerContext[default] - Could NOT find resource [logback-test.xml]
18:48:59,879 |-INFO in ch.qos.logback.classic.LoggerContext[default] - Found resource [logback.xml] at [jar:file:/Users/admin/TWU_Biblioteca-master/lib/cobertura-2.1.1-sources.jar!/logback.xml]
18:48:59,879 |-WARN in ch.qos.logback.classic.LoggerContext[default] - Resource [logback.xml] occurs multiple times on the classpath.
18:48:59,880 |-WARN in ch.qos.logback.classic.LoggerContext[default] - Resource [logback.xml] occurs at [jar:file:/Users/admin/TWU_Biblioteca-master/lib/cobertura-2.1.1.jar!/logback.xml]
18:48:59,880 |-WARN in ch.qos.logback.classic.LoggerContext[default] - Resource [logback.xml] occurs at [jar:file:/Users/admin/TWU_Biblioteca-master/lib/cobertura-2.1.1-sources.jar!/logback.xml]
18:48:59,896 |-INFO in ch.qos.logback.core.joran.spi.ConfigurationWatchList@402f32ff - URL [jar:file:/Users/admin/TWU_Biblioteca-master/lib/cobertura-2.1.1-sources.jar!/logback.xml] is not of type file
18:48:59,929 |-INFO in ch.qos.logback.classic.joran.action.ConfigurationAction - debug attribute not set
18:48:59,930 |-INFO in ch.qos.logback.core.joran.action.AppenderAction - About to instantiate appender of type [ch.qos.logback.core.ConsoleAppender]
18:48:59,936 |-INFO in ch.qos.logback.core.joran.action.AppenderAction - Naming appender as [STDOUT]
18:48:59,951 |-INFO in ch.qos.logback.core.joran.action.NestedComplexPropertyIA - Assuming default type [ch.qos.logback.classic.encoder.PatternLayoutEncoder] for [encoder] property
18:48:59,976 |-INFO in ch.qos.logback.classic.joran.action.LoggerAction - Setting level of logger [net.sourceforge.cobertura] to INFO
18:48:59,976 |-INFO in ch.qos.logback.classic.joran.action.RootLoggerAction - Setting level of ROOT logger to DEBUG
18:48:59,976 |-INFO in ch.qos.logback.core.joran.action.AppenderRefAction - Attaching appender named [STDOUT] to Logger[ROOT]
18:48:59,976 |-INFO in ch.qos.logback.classic.joran.action.ConfigurationAction - End of configuration.
18:48:59,977 |-INFO in ch.qos.logback.classic.joran.JoranConfigurator@573f2bb1 - Registering current configuration as safe fallback point

]]></system-out>

      <system-err><![CDATA[]]></system-err>

  </testsuite>
  <testsuite errors="0" failures="0" hostname="INPriya.local" id="7" name="MenuControllerTest" package="com.tw.bibilioteca" skipped="0" tests="4" time="0.292" timestamp="2015-09-17T13:19:01">
      <properties>
[...]
</properties>

      <testcase classname="com.tw.bibilioteca.MenuControllerTest" name="shouldCallMenuChooseWithIntegerInput" time="0.244" />

      <testcase classname="com.tw.bibilioteca.MenuControllerTest" name="shouldGetIntegerInput" time="0.0" />

      <testcase classname="com.tw.bibilioteca.MenuControllerTest" name="shouldReturnNewMenuController" time="0.0" />

      <testcase classname="com.tw.bibilioteca.MenuControllerTest" name="shouldPrintMenu" time="0.0" />

      <system-out><![CDATA[18:49:01,528 |-INFO in ch.qos.logback.classic.LoggerContext[default] - Could NOT find resource [logback.groovy]
18:49:01,528 |-INFO in ch.qos.logback.classic.LoggerContext[default] - Could NOT find resource [logback-test.xml]
18:49:01,528 |-INFO in ch.qos.logback.classic.LoggerContext[default] - Found resource [logback.xml] at [jar:file:/Users/admin/TWU_Biblioteca-master/lib/cobertura-2.1.1-sources.jar!/logback.xml]
18:49:01,528 |-WARN in ch.qos.logback.classic.LoggerContext[default] - Resource [logback.xml] occurs multiple times on the classpath.
18:49:01,528 |-WARN in ch.qos.logback.classic.LoggerContext[default] - Resource [logback.xml] occurs at [jar:file:/Users/admin/TWU_Biblioteca-master/lib/cobertura-2.1.1.jar!/logback.xml]
18:49:01,528 |-WARN in ch.qos.logback.classic.LoggerContext[default] - Resource [logback.xml] occurs at [jar:file:/Users/admin/TWU_Biblioteca-master/lib/cobertura-2.1.1-sources.jar!/logback.xml]
18:49:01,538 |-INFO in ch.qos.logback.core.joran.spi.ConfigurationWatchList@37d31475 - URL [jar:file:/Users/admin/TWU_Biblioteca-master/lib/cobertura-2.1.1-sources.jar!/logback.xml] is not of type file
18:49:01,568 |-INFO in ch.qos.logback.classic.joran.action.ConfigurationAction - debug attribute not set
18:49:01,569 |-INFO in ch.qos.logback.core.joran.action.AppenderAction - About to instantiate appender of type [ch.qos.logback.core.ConsoleAppender]
18:49:01,574 |-INFO in ch.qos.logback.core.joran.action.AppenderAction - Naming appender as [STDOUT]
18:49:01,589 |-INFO in ch.qos.logback.core.joran.action.NestedComplexPropertyIA - Assuming default type [ch.qos.logback.classic.encoder.PatternLayoutEncoder] for [encoder] property
18:49:01,612 |-INFO in ch.qos.logback.classic.joran.action.LoggerAction - Setting level of logger [net.sourceforge.cobertura] to INFO
18:49:01,612 |-INFO in ch.qos.logback.classic.joran.action.RootLoggerAction - Setting level of ROOT logger to DEBUG
18:49:01,612 |-INFO in ch.qos.logback.core.joran.action.AppenderRefAction - Attaching appender named [STDOUT] to Logger[ROOT]
18:49:01,612 |-INFO in ch.qos.logback.classic.joran.action.ConfigurationAction - End of configuration.
18:49:01,613 |-INFO in ch.qos.logback.classic.joran.JoranConfigurator@27808f31 - Registering current configuration as safe fallback point

]]></system-out>

      <system-err><![CDATA[]]></system-err>

  </testsuite>
  <testsuite errors="0" failures="0" hostname="INPriya.local" id="8" name="MenuTest" package="com.tw.bibilioteca" skipped="0" tests="10" time="0.317" timestamp="2015-09-17T13:19:02">
      <properties>
[...]
</properties>

      <testcase classname="com.tw.bibilioteca.MenuTest" name="shouldCheckoutOnOptionThree" time="0.261" />

      <testcase classname="com.tw.bibilioteca.MenuTest" name="shouldPrintSuccessfulCheckoutMessageOnCheckout" time="0.001" />

      <testcase classname="com.tw.bibilioteca.MenuTest" name="shouldReturnOnOptionFour" time="0.0" />

      <testcase classname="com.tw.bibilioteca.MenuTest" name="shouldExitOnOptionTwo" time="0.002" />

      <testcase classname="com.tw.bibilioteca.MenuTest" name="shouldPrintCatalogIfoptionIsOne" time="0.0" />

      <testcase classname="com.tw.bibilioteca.MenuTest" name="shouldPrintFailureCheckoutMessageOnUnsuccesssfulCheckout" time="0.0" />

      <testcase classname="com.tw.bibilioteca.MenuTest" name="shouldPrintFailureReturnMessageOnReturn" time="0.0" />

      <testcase classname="com.tw.bibilioteca.MenuTest" name="shouldPrintInvalidOptionForOtherOptions" time="0.0" />

      <testcase classname="com.tw.bibilioteca.MenuTest" name="shouldPrintSuccessfulReturnMessageOnReturn" time="0.001" />

      <testcase classname="com.tw.bibilioteca.MenuTest" name="shouldReturnOpionsInAString" time="0.0" />

      <system-out><![CDATA[18:49:03,099 |-INFO in ch.qos.logback.classic.LoggerContext[default] - Could NOT find resource [logback.groovy]
18:49:03,099 |-INFO in ch.qos.logback.classic.LoggerContext[default] - Could NOT find resource [logback-test.xml]
18:49:03,099 |-INFO in ch.qos.logback.classic.LoggerContext[default] - Found resource [logback.xml] at [jar:file:/Users/admin/TWU_Biblioteca-master/lib/cobertura-2.1.1-sources.jar!/logback.xml]
18:49:03,100 |-WARN in ch.qos.logback.classic.LoggerContext[default] - Resource [logback.xml] occurs multiple times on the classpath.
18:49:03,100 |-WARN in ch.qos.logback.classic.LoggerContext[default] - Resource [logback.xml] occurs at [jar:file:/Users/admin/TWU_Biblioteca-master/lib/cobertura-2.1.1.jar!/logback.xml]
18:49:03,100 |-WARN in ch.qos.logback.classic.LoggerContext[default] - Resource [logback.xml] occurs at [jar:file:/Users/admin/TWU_Biblioteca-master/lib/cobertura-2.1.1-sources.jar!/logback.xml]
18:49:03,112 |-INFO in ch.qos.logback.core.joran.spi.ConfigurationWatchList@29b5cd00 - URL [jar:file:/Users/admin/TWU_Biblioteca-master/lib/cobertura-2.1.1-sources.jar!/logback.xml] is not of type file
18:49:03,146 |-INFO in ch.qos.logback.classic.joran.action.ConfigurationAction - debug attribute not set
18:49:03,147 |-INFO in ch.qos.logback.core.joran.action.AppenderAction - About to instantiate appender of type [ch.qos.logback.core.ConsoleAppender]
18:49:03,153 |-INFO in ch.qos.logback.core.joran.action.AppenderAction - Naming appender as [STDOUT]
18:49:03,169 |-INFO in ch.qos.logback.core.joran.action.NestedComplexPropertyIA - Assuming default type [ch.qos.logback.classic.encoder.PatternLayoutEncoder] for [encoder] property
18:49:03,193 |-INFO in ch.qos.logback.classic.joran.action.LoggerAction - Setting level of logger [net.sourceforge.cobertura] to INFO
18:49:03,193 |-INFO in ch.qos.logback.classic.joran.action.RootLoggerAction - Setting level of ROOT logger to DEBUG
18:49:03,193 |-INFO in ch.qos.logback.core.joran.action.AppenderRefAction - Attaching appender named [STDOUT] to Logger[ROOT]
18:49:03,194 |-INFO in ch.qos.logback.classic.joran.action.ConfigurationAction - End of configuration.
18:49:03,194 |-INFO in ch.qos.logback.classic.joran.JoranConfigurator@60285225 - Registering current configuration as safe fallback point

]]></system-out>

      <system-err><![CDATA[]]></system-err>

  </testsuite>
  <testsuite errors="0" failures="0" hostname="INPriya.local" id="9" name="WelcomeMessageTest" package="com.tw.bibilioteca" skipped="0" tests="2" time="0.192" timestamp="2015-09-17T13:19:04">
      <properties>
[...]
</properties>

      <testcase classname="com.tw.bibilioteca.WelcomeMessageTest" name="shouldReturnWelcomeMessage" time="0.15" />

      <testcase classname="com.tw.bibilioteca.WelcomeMessageTest" name="shouldReturnWelcomeMessageOnToString" time="0.0" />

      <system-out><![CDATA[18:49:04,586 |-INFO in ch.qos.logback.classic.LoggerContext[default] - Could NOT find resource [logback.groovy]
18:49:04,587 |-INFO in ch.qos.logback.classic.LoggerContext[default] - Could NOT find resource [logback-test.xml]
18:49:04,587 |-INFO in ch.qos.logback.classic.LoggerContext[default] - Found resource [logback.xml] at [jar:file:/Users/admin/TWU_Biblioteca-master/lib/cobertura-2.1.1-sources.jar!/logback.xml]
18:49:04,587 |-WARN in ch.qos.logback.classic.LoggerContext[default] - Resource [logback.xml] occurs multiple times on the classpath.
18:49:04,587 |-WARN in ch.qos.logback.classic.LoggerContext[default] - Resource [logback.xml] occurs at [jar:file:/Users/admin/TWU_Biblioteca-master/lib/cobertura-2.1.1.jar!/logback.xml]
18:49:04,587 |-WARN in ch.qos.logback.classic.LoggerContext[default] - Resource [logback.xml] occurs at [jar:file:/Users/admin/TWU_Biblioteca-master/lib/cobertura-2.1.1-sources.jar!/logback.xml]
18:49:04,601 |-INFO in ch.qos.logback.core.joran.spi.ConfigurationWatchList@402f32ff - URL [jar:file:/Users/admin/TWU_Biblioteca-master/lib/cobertura-2.1.1-sources.jar!/logback.xml] is not of type file
18:49:04,633 |-INFO in ch.qos.logback.classic.joran.action.ConfigurationAction - debug attribute not set
18:49:04,635 |-INFO in ch.qos.logback.core.joran.action.AppenderAction - About to instantiate appender of type [ch.qos.logback.core.ConsoleAppender]
18:49:04,642 |-INFO in ch.qos.logback.core.joran.action.AppenderAction - Naming appender as [STDOUT]
18:49:04,660 |-INFO in ch.qos.logback.core.joran.action.NestedComplexPropertyIA - Assuming default type [ch.qos.logback.classic.encoder.PatternLayoutEncoder] for [encoder] property
18:49:04,692 |-INFO in ch.qos.logback.classic.joran.action.LoggerAction - Setting level of logger [net.sourceforge.cobertura] to INFO
18:49:04,693 |-INFO in ch.qos.logback.classic.joran.action.RootLoggerAction - Setting level of ROOT logger to DEBUG
18:49:04,693 |-INFO in ch.qos.logback.core.joran.action.AppenderRefAction - Attaching appender named [STDOUT] to Logger[ROOT]
18:49:04,693 |-INFO in ch.qos.logback.classic.joran.action.ConfigurationAction - End of configuration.
18:49:04,694 |-INFO in ch.qos.logback.classic.joran.JoranConfigurator@573f2bb1 - Registering current configuration as safe fallback point

]]></system-out>

      <system-err><![CDATA[]]></system-err>

  </testsuite>
</testsuites>
